Aenean a diam aliquam, hendrerit nulla eget, porta nunc.
Aenean a interdum orci, vitae ultrices dui.
Aenean ac auctor magna.
Aenean aliquam metus enim, non euismod elit gravida vitae.
Aenean at lectus tempus arcu lobortis tempus.
Aenean blandit ornare velit sed auctor.
Aenean blandit pretium tempus.
Aenean congue iaculis aliquam.
Aenean consequat blandit mattis.
Aenean consequat congue nulla, id auctor lectus fermentum ac.
Aenean cursus elementum aliquet.
Aenean efficitur sollicitudin efficitur.
Aenean efficitur, leo eget ornare pretium, velit elit ornare tortor, in tempor ligula erat ac orci.
Aenean egestas rhoncus arcu, vitae porta nulla aliquet non.
Aenean eget dolor nec ligula sollicitudin suscipit.
Aenean eget lacinia massa.
Aenean eget lobortis metus, eget malesuada justo.
Aenean elementum turpis nisi, vel ultrices nulla pretium aliquet.
Aenean elementum, libero eu pellentesque imperdiet, risus quam mollis diam, at porttitor lorem leo eu massa.
Aenean et nibh blandit, fermentum diam a, finibus ligula.
Aenean eu efficitur velit.
Aenean euismod eget dui sed convallis.
Aenean facilisis iaculis sodales.
Aenean feugiat augue purus, ac fermentum mauris posuere vel.
Aenean feugiat erat a molestie dignissim.
Aenean iaculis sapien in pretium lobortis.
Aenean id leo in dolor fringilla pretium vitae viverra neque.
Aenean in sem eget diam pretium pellentesque.
Aenean in velit enim.
Aenean interdum, odio a euismod condimentum, quam nibh varius quam, id fermentum dui lorem quis orci.
Aenean laoreet a lacus a rhoncus.
Aenean ligula ipsum, elementum non diam non, pellentesque condimentum erat.
Aenean molestie aliquam nulla egestas commodo.
Aenean molestie, lacus et condimentum mattis, nisi justo finibus nulla, non tempus velit dolor sit amet metus.
Aenean non arcu id eros laoreet rutrum.
Aenean non porta dui.
Aenean pharetra, nisi quis porttitor euismod, turpis tortor scelerisque velit, id varius lorem elit vitae purus.
Aenean porttitor malesuada augue eu dictum.
Aenean porttitor vitae orci eu feugiat.
Aenean quam risus, placerat porta pharetra ac, iaculis vel ante.
Aenean quis molestie mauris.
Aenean quis nisi auctor, cursus mi a, gravida nulla.
Aenean sed erat velit.
Aenean sed ipsum quis arcu ornare venenatis.
Aenean sed rhoncus turpis, eu interdum leo.
Aenean sem erat, laoreet nec tristique id, bibendum eu lacus.
Aenean sit amet molestie sem.
Aenean tempor volutpat orci.
Aenean tristique sit amet velit in pellentesque.
Aenean ultrices pulvinar ex, et maximus ex.
Aenean ultricies tellus pharetra dignissim porttitor.
Aenean ut lectus elit.
Aenean ut leo sit amet diam feugiat auctor.
Aenean varius, enim vitae placerat feugiat, ante mi viverra erat, quis facilisis orci ante at risus.
Aenean vehicula dictum massa, vel auctor tortor vulputate maximus.
Aenean venenatis euismod congue.
Aliquam ac congue lectus.
Aliquam ac vulputate felis.
Aliquam accumsan quis ligula ut eleifend.
Aliquam arcu leo, malesuada ac libero sed, suscipit imperdiet metus.
Aliquam at ex in felis fringilla faucibus blandit eu justo.
Aliquam congue ligula at ultrices iaculis.
Aliquam cursus purus id mattis feugiat.
Aliquam dapibus, odio et aliquam lobortis, diam elit auctor lorem, dignissim suscipit urna arcu non urna.
Aliquam diam diam, molestie eu leo nec, vestibulum hendrerit neque.
Aliquam egestas quis ipsum in varius.
Aliquam egestas, risus at lobortis semper, ligula tellus suscipit nulla, a varius nulla leo et nulla.
Aliquam eget eros sit amet lectus malesuada dapibus.
Aliquam eleifend dolor feugiat massa dignissim, eget rutrum orci mattis.
Aliquam eleifend sodales felis a congue.
Aliquam enim urna, luctus in porttitor a, tempor non tortor.
Aliquam erat volutpat.
Aliquam ex sapien, suscipit quis turpis in, blandit sodales tellus.
Aliquam fermentum lectus ante, ut iaculis massa semper sed.
Aliquam feugiat, eros egestas feugiat feugiat, mi sapien ultrices neque, bibendum cursus nunc turpis a turpis.
Aliquam finibus, ipsum eu faucibus placerat, ante mauris placerat velit, in gravida nulla velit vitae ligula.
Aliquam fringilla leo dui, non laoreet mauris aliquet non.
Aliquam hendrerit sodales risus at efficitur.
Aliquam hendrerit, mi ut volutpat convallis, justo risus porttitor eros, ut consectetur ipsum elit id ipsum.
Aliquam id odio eget arcu suscipit auctor.
Aliquam interdum fermentum iaculis.
Aliquam lorem purus, porttitor et hendrerit vel, mollis eu augue.
Aliquam molestie commodo consequat.
Aliquam pharetra mi vel quam tempor laoreet.
Aliquam pulvinar convallis vehicula.
Aliquam quis enim et est pharetra convallis.
Aliquam quis ipsum tortor.
Aliquam quis mauris enim.
Aliquam risus risus, dapibus eu nibh tempus, dictum auctor sapien.
Aliquam rutrum nibh vestibulum sollicitudin sollicitudin.
Aliquam sem augue, imperdiet sed ex id, aliquet lobortis diam.
Aliquam sit amet justo eget est finibus suscipit nec sed mi.
Aliquam sit amet libero ut lorem hendrerit tincidunt sed ut nulla.
Aliquam tincidunt, dui id dictum convallis, mauris arcu molestie felis, non porta est libero eget purus.
Aliquam ullamcorper sed justo a porta.
Aliquam ut elit ut arcu convallis ornare maximus a dolor.
Aliquam ut enim suscipit, finibus felis at, tempor lorem.
Aliquam ut nisi eget sapien tincidunt tempus in eget ligula.
Aliquam varius quis nibh eu placerat.
Aliquam vel elit et nibh pretium bibendum et ac risus.
Aliquam vel lacus pretium, rhoncus augue nec, iaculis magna.
Aliquam venenatis efficitur odio, at condimentum velit dapibus in.
Aliquam vulputate, risus vel aliquam aliquam, mi magna varius velit, sed scelerisque nunc dui luctus eros.
Class aptent taciti sociosqu ad litora torquent per conubia nostra, per inceptos himenaeos.
Cras a nibh vel metus cursus rhoncus sit amet sit amet nulla.
Cras ac mauris vel lorem scelerisque maximus.
Cras at odio sit amet mauris efficitur laoreet eu vel dui.
Cras auctor luctus nulla, ac rhoncus nunc placerat laoreet.
Cras commodo libero ut nisi molestie pellentesque.
Cras commodo, leo id viverra volutpat, purus ante aliquam orci, ut fermentum justo felis a leo.
Cras consectetur sollicitudin fermentum.
Cras consequat et nunc non pulvinar.
Cras convallis convallis sem in viverra.
Cras eget imperdiet mi.
Cras et arcu sapien.
Cras et tortor a tortor imperdiet tincidunt id vel turpis.
Cras euismod laoreet magna.
Cras faucibus libero magna, et ultrices libero feugiat non.
Cras feugiat dapibus varius.
Cras gravida ligula vel consectetur tincidunt.
Cras hendrerit eleifend mi tincidunt iaculis.
Cras iaculis dolor in massa suscipit tristique.
Cras in eleifend magna.
Cras in nunc ut erat congue tristique non eu metus.
Cras in pretium leo.
Cras interdum augue sed purus pharetra, eget porta dui imperdiet.
Cras interdum fermentum metus vel interdum.
Cras lacinia a nisl ac tincidunt.
Cras laoreet eros cursus metus lacinia, eu vestibulum nulla tincidunt.
Cras laoreet nisi nulla, nec volutpat ex porttitor id.
Cras lobortis laoreet augue at feugiat.
Cras magna enim, faucibus sit amet enim sit amet, luctus tincidunt ipsum.
Cras mattis, lectus ac accumsan mattis, sapien nibh scelerisque lacus, in vestibulum justo urna vel ante.
Cras metus urna, laoreet blandit tellus a, ultricies scelerisque dui.
Cras nec faucibus ligula.
Cras nibh quam, placerat ac odio a, vehicula gravida urna.
Cras orci nunc, vestibulum ut mollis nec, ornare et nunc.
Cras placerat nunc dapibus velit auctor pharetra quis in nisi.
Cras placerat scelerisque urna vel euismod.
Cras placerat venenatis risus vitae maximus.
Cras posuere aliquet nisl, eu tempor ex semper eu.
Cras pretium lacus convallis arcu viverra mollis.
Cras pulvinar ligula tortor, ut lobortis odio convallis ut.
Cras quis euismod odio.
Cras scelerisque lectus eu leo volutpat malesuada.
Cras sed lacinia quam.
Cras semper ultricies purus, vitae finibus tellus euismod eu.
Cras tempor, velit porttitor commodo congue, leo nisl lobortis eros, nec posuere risus mi id mauris.
Cras tempus ac ipsum ac iaculis.
Cras tincidunt blandit nunc, sed auctor odio elementum convallis.
Cras tincidunt sollicitudin ante vel tempor.
Cras ullamcorper, turpis ut feugiat porttitor, elit diam vestibulum ipsum, pellentesque blandit tellus lacus sed lacus.
Cras ultricies tellus ut justo tristique, sit amet malesuada enim sagittis.
Cras ut nulla turpis.
Cras vel risus id felis elementum egestas dignissim eu justo.
Cras vitae nunc ipsum.
Cras vulputate eu ex rhoncus ullamcorper.
Cras vulputate viverra lobortis.
Cras vulputate, tortor quis porttitor vestibulum, sem augue accumsan urna, non sagittis nisl est ac massa.
Curabitur aliquam purus enim, sed aliquet dui pretium sit amet.
Curabitur aliquam, nunc cursus viverra tincidunt, ligula risus placerat risus, in condimentum lacus est eu risus.
Curabitur aliquet ante nec est pharetra euismod.
Curabitur at nunc luctus, molestie diam in, sollicitudin sapien.
Curabitur condimentum, nulla eget sollicitudin egestas, leo odio pellentesque tellus, nec tincidunt enim dui vel nisl.
Curabitur congue nisl ac elit malesuada commodo.
Curabitur congue odio eu viverra placerat.
Curabitur congue, purus vel feugiat dapibus, libero lacus varius diam, sit amet imperdiet nunc quam at dui.
Curabitur eget massa ut ante lobortis tincidunt.
Curabitur eget rutrum lectus.
Curabitur eleifend malesuada neque, in convallis nunc egestas vel.
Curabitur enim eros, efficitur et facilisis laoreet, malesuada sollicitudin dolor.
Curabitur erat est, aliquam ut sagittis ac, blandit sit amet nisl.
Curabitur et erat id odio imperdiet ultrices.
Curabitur et ultrices nisl.
Curabitur eu dui ut mi laoreet euismod.
Curabitur eu leo elit.
Curabitur eu mauris lectus.
Curabitur eu mauris sit amet dui viverra lacinia.
Curabitur eu tristique augue, in venenatis elit.
Curabitur euismod, ex eu posuere tempus, est purus elementum dui, hendrerit consequat magna eros vel diam.
Curabitur faucibus ipsum a auctor luctus.
Curabitur fermentum ex non pellentesque maximus.
Curabitur fermentum lacinia nisi, quis cursus ipsum dignissim et.
Curabitur feugiat eget quam vitae posuere.
Curabitur finibus augue at ullamcorper sollicitudin.
Curabitur gravida ac leo non convallis.
Curabitur gravida varius purus a viverra.
Curabitur id convallis ipsum.
Curabitur imperdiet ultrices molestie.
Curabitur in nulla a odio dictum semper.
Curabitur justo ante, dignissim sit amet lacinia vel, vehicula in urna.
Curabitur lobortis nibh ut egestas interdum.
Curabitur malesuada eros eget sem efficitur suscipit.
Curabitur molestie tellus vel volutpat consequat.
Curabitur mollis vel odio a tristique.
Curabitur nec lacinia enim, non molestie nulla.
Curabitur nec tincidunt elit.
Curabitur non cursus nulla.
Curabitur nunc libero, mollis ac tincidunt sed, varius nec dolor.
Curabitur ornare dui enim, id ullamcorper tortor scelerisque sed.
Curabitur ornare eleifend augue facilisis vulputate.
Curabitur pharetra tincidunt pellentesque.
Curabitur porttitor aliquam sapien, eget condimentum ipsum dapibus eu.
Curabitur pretium sodales ipsum, nec malesuada nulla fringilla vitae.
Curabitur quis fringilla tellus, sed viverra leo.
Curabitur quis lorem imperdiet, iaculis dui vel, efficitur nisl.
Curabitur quis tincidunt massa, ac semper dui.
Curabitur rutrum hendrerit aliquet.
Curabitur rutrum tortor in nisi laoreet bibendum.
Curabitur sed felis quis neque pretium dictum vitae sed nisl.
Curabitur sit amet massa vitae eros rhoncus tempor.
Curabitur sollicitudin ut nibh non accumsan.
Curabitur tellus ipsum, mattis nec volutpat quis, mollis eget velit.
Curabitur tellus ligula, convallis sit amet accumsan vel, lacinia at urna.
Curabitur tempor eros a lorem ultrices, sed vulputate velit maximus.
Curabitur tincidunt aliquam ex in vulputate.
Curabitur tincidunt sem nec lacus laoreet, non malesuada eros dapibus.
Curabitur tincidunt turpis est, vel laoreet magna aliquet nec.
Curabitur tincidunt velit ac libero efficitur accumsan.
Curabitur ullamcorper nisi convallis neque sodales suscipit.
Curabitur vel odio feugiat, aliquet nibh eget, auctor tortor.
Curabitur vestibulum nibh ut est facilisis tempor.
Curabitur vestibulum pharetra commodo.
Donec ac dictum est.
Donec ac ultrices risus, vitae tempus ipsum.
Donec accumsan arcu id tempor suscipit.
Donec aliquam consequat commodo.
Donec aliquam nibh eget dolor malesuada, vitae convallis eros porta.
Donec aliquam, ipsum scelerisque maximus ultrices, ligula odio faucibus nibh, nec tristique purus justo varius turpis.
Donec aliquet sapien at ex maximus dictum.
Donec at lectus et eros gravida rutrum.
Donec at tincidunt nisi.
Donec at tincidunt velit, vitae porta velit.
Donec auctor commodo dictum.
Donec auctor interdum lectus eu convallis.
Donec commodo libero urna, sit amet sagittis lacus aliquet sit amet.
Donec condimentum est metus, vitae facilisis lorem mattis id.
Donec congue sagittis interdum.
Donec consequat mi ornare, lobortis turpis tempus, rutrum ante.
Donec dapibus volutpat lobortis.
Donec dictum feugiat turpis id lacinia.
Donec dictum orci ut dolor imperdiet, id iaculis velit congue.
Donec dictum ut leo id fermentum.
Donec efficitur dolor non mauris blandit, ut varius massa faucibus.
Donec egestas augue ut justo dapibus, ac ultricies orci pulvinar.
Donec egestas elit eget ex scelerisque faucibus.
Donec eget dolor eu arcu finibus ultrices at eu magna.
Donec eget feugiat sem.
Donec eget tellus et lorem luctus rhoncus sed eget augue.
Donec elementum ultricies lacus sagittis ultrices.
Donec elementum, tortor non mollis ullamcorper, felis nisl sodales neque, quis fringilla neque lectus eget mi.
Donec est leo, facilisis non tellus eu, eleifend iaculis ligula.
Donec et convallis mauris, vel sagittis eros.
Donec et feugiat quam, vitae imperdiet libero.
Donec eu iaculis lacus.
Donec eu nisl vestibulum, mattis mauris sed, rhoncus tellus.
Donec eu viverra nulla.
Donec euismod consectetur lectus vitae maximus.
Donec euismod pharetra lectus, et posuere libero vehicula nec.
Donec faucibus elementum posuere.
Donec faucibus, orci non porta pellentesque, urna est pharetra est, nec viverra leo lectus ut eros.
Donec feugiat orci orci, sed posuere nibh egestas ullamcorper.
Donec gravida convallis purus vitae ornare.
Donec iaculis nunc ac neque mattis, in commodo orci maximus.
Donec iaculis, justo id tincidunt posuere, dolor dolor sollicitudin elit, nec sagittis nunc nisl nec enim.
Donec id sagittis risus.
Donec imperdiet vel felis nec cursus.
Donec imperdiet, eros ac rutrum viverra, tortor massa tempor sem, sit amet blandit ipsum ipsum eu dolor.
Donec laoreet finibus ante, non lacinia diam volutpat vel.
Donec lectus elit, mattis et felis eget, egestas accumsan justo.
Donec lorem tortor, iaculis sit amet eleifend vel, scelerisque vitae orci.
Donec malesuada non enim bibendum gravida.
Donec mauris magna, efficitur sollicitudin consequat ut, varius commodo nibh.
Donec mi nisi, tempus eu varius at, sollicitudin ac leo.
Donec molestie, eros ut vehicula tempus, libero nulla tincidunt nulla, quis convallis purus quam sed nisl.
Donec mollis pellentesque leo.
Donec nec commodo lorem.
Donec nec lacus malesuada, interdum ante ac, malesuada lacus.
Donec nec nulla tortor.
Donec nec placerat odio, condimentum tempus elit.
Donec nec ultricies dui.
Donec nisl dolor, ullamcorper quis urna non, mollis tincidunt dolor.
Donec non convallis libero, quis suscipit erat.
Donec non dignissim massa.
Donec non sapien id elit mattis ultricies.
Donec nulla turpis, accumsan eget nulla ut, accumsan tincidunt diam.
Donec ornare libero lorem, ut pulvinar lorem laoreet nec.
Donec ornare molestie leo, vel convallis ligula vestibulum ac.
Donec ornare pellentesque pulvinar.
Donec placerat odio odio, quis molestie metus vestibulum ut.
Donec placerat rutrum ipsum, eget maximus mi semper non.
Donec porta ac nisl at mattis.
Donec posuere lacus vel sodales tempor.
Donec pretium, neque nec ornare elementum, justo ante ullamcorper sapien, id aliquet sapien nisi et nisl.
Donec pretium, urna nec imperdiet tincidunt, felis magna auctor nisl, in mattis lectus erat in sapien.
Donec pulvinar augue vel dictum commodo.
Donec quam orci, pharetra id elit vitae, lacinia pulvinar nunc.
Donec quis ex felis.
Donec quis hendrerit purus.
Donec quis imperdiet ipsum.
Donec quis lorem diam.
Donec quis sollicitudin augue, at sollicitudin mauris.
Donec quis tincidunt risus, ut suscipit nunc.
Donec rhoncus elit id erat rutrum, sit amet varius nisl facilisis.
Donec rhoncus sem in nisl eleifend gravida.
Donec risus risus, hendrerit nec semper ac, interdum lacinia lacus.
Donec rutrum nunc a tortor pulvinar faucibus.
Donec sagittis a justo id rutrum.
Donec sagittis ex interdum elit gravida interdum.
Donec sagittis sollicitudin pharetra.
Donec sed libero consectetur, condimentum lorem vel, pharetra sem.
Donec sed tincidunt eros.
Donec semper ornare urna, vel malesuada magna congue ut.
Donec sit amet cursus justo, sit amet fringilla purus.
Donec sodales tincidunt diam vel posuere.
Donec sodales urna ac turpis rutrum efficitur.
Donec sodales, nibh a cursus porta, felis quam pharetra elit, a viverra mi odio nec ante.
Donec sollicitudin nibh ut justo facilisis, ullamcorper sodales dolor lacinia.
Donec suscipit magna enim, ac vulputate libero dignissim at.
Donec tempus orci nec interdum ullamcorper.
Donec tincidunt eros nec quam interdum feugiat.
Donec ullamcorper elit vitae porttitor laoreet.
Donec ut consequat justo.
Donec varius sagittis nisi.
Donec varius tristique odio, vitae sodales massa.
Donec vel luctus augue.
Donec venenatis volutpat elit non lobortis.
Donec viverra tellus leo, at ullamcorper justo ornare id.
Donec volutpat lectus ex, ut dapibus augue vehicula eu.
Donec vulputate feugiat nisi a sodales.
Donec vulputate ornare convallis.
Duis a tempor purus.
Duis ac dolor in neque laoreet blandit.
Duis accumsan rutrum ornare.
Duis accumsan tortor tortor, eget tristique purus fringilla ut.
Duis accumsan ultricies risus ut bibendum.
Duis augue nisl, vehicula quis enim ut, pharetra auctor magna.
Duis bibendum ante vitae eros tincidunt luctus.
Duis commodo diam in finibus maximus.
Duis consectetur nulla risus, at rhoncus lorem sodales eget.
Duis convallis justo in risus varius, eget ultrices risus egestas.
Duis cursus rutrum elit, in finibus orci auctor a.
Duis eget accumsan turpis.
Duis eget nisi tempus, sodales magna non, tempor libero.
Duis elit erat, porta nec arcu id, euismod suscipit justo.
Duis eros elit, dictum et sem sed, consequat dapibus augue.
Duis et massa sem.
Duis euismod arcu nec tellus bibendum maximus.
Duis euismod eros quis est tristique, vel consequat lectus consequat.
Duis euismod orci nec dui volutpat, ut interdum lorem iaculis.
Duis faucibus pretium aliquam.
Duis finibus nunc et ex porta dictum.
Duis fringilla magna id ligula faucibus bibendum.
Duis gravida ipsum id suscipit laoreet.
Duis gravida mattis purus, luctus vestibulum dolor ultricies in.
Duis iaculis cursus ipsum.
Duis id auctor ante.
Duis id enim id augue pretium aliquam.
Duis imperdiet iaculis leo nec convallis.
Duis in rutrum metus.
Duis lacinia a lectus at pharetra.
Duis lacus diam, semper eu nulla luctus, viverra dapibus metus.
Duis leo risus, commodo quis ipsum ut, mattis rutrum arcu.
Duis mollis lobortis sapien quis vestibulum.
Duis nec arcu dapibus, tempor nisl et, dignissim ex.
Duis nibh lorem, facilisis sed rutrum sit amet, finibus sed urna.
Duis nibh massa, eleifend eget erat non, vestibulum rhoncus nisl.
Duis nisl nunc, elementum et tincidunt eu, mollis nec leo.
Duis non placerat massa.
Duis nulla neque, interdum ut tortor eu, laoreet elementum nisl.
Duis ornare, tellus a condimentum lacinia, mauris quam fringilla ex, id tincidunt lectus leo sit amet dolor.
Duis pellentesque urna sed magna luctus, non auctor nibh dapibus.
Duis pulvinar dui nulla, vitae elementum purus rhoncus euismod.
Duis pulvinar id purus ac faucibus.
Duis quis blandit arcu.
Duis quis lectus sed orci fermentum dictum eget at justo.
Duis rhoncus quis nibh nec dignissim.
Duis sit amet bibendum dolor, vitae luctus eros.
Duis sit amet est quis nibh ullamcorper ornare.
Duis tempus eros non dignissim malesuada.
Duis tempus mauris diam, id bibendum orci iaculis vel.
Duis tincidunt sodales placerat.
Duis tortor sem, tempor et nisl nec, dictum condimentum nisl.
Duis turpis mi, convallis vitae magna nec, finibus tincidunt nulla.
Duis ullamcorper dictum tortor.
Duis ultrices libero mauris, dapibus malesuada eros imperdiet quis.
Duis ut hendrerit ex.
Duis ut vulputate dolor, eget iaculis neque.
Duis varius dui sit amet fermentum venenatis.
Duis vel leo fermentum, porta neque eget, egestas dui.
Duis vel pharetra mi.
Duis venenatis arcu vel lectus ullamcorper rhoncus.
Duis vitae dui ac dui imperdiet pharetra.
Duis viverra orci sed mi fermentum cursus.
Duis viverra rhoncus dolor, nec condimentum ante blandit at.
Duis vulputate, tortor eget cursus bibendum, tellus sapien dignissim ipsum, quis congue lacus nisl at odio.
Etiam a lectus nec erat convallis egestas.
Etiam a tortor ornare, finibus justo nec, tempus felis.
Etiam ac volutpat turpis, sit amet pretium nunc.
Etiam at est vel libero fermentum egestas.
Etiam at orci ex.
Etiam bibendum elit eu massa aliquam finibus.
Etiam bibendum, est ut malesuada gravida, leo nisl molestie nulla, sed gravida lacus lorem et lectus.
Etiam consequat augue nibh, sit amet efficitur velit efficitur molestie.
Etiam consequat purus nisi, in lobortis ex volutpat sit amet.
Etiam dapibus libero at purus molestie, vel commodo eros aliquam.
Etiam dapibus nunc nec orci fringilla, ac lacinia purus egestas.
Etiam egestas ante eget felis venenatis sollicitudin eu ut tortor.
Etiam egestas metus nunc.
Etiam eget luctus massa.
Etiam elementum odio sed odio rhoncus pretium fermentum eget diam.
Etiam et efficitur ante.
Etiam et vehicula erat.
Etiam eu blandit nunc, eget euismod massa.
Etiam eu justo quis metus maximus faucibus congue vel ligula.
Etiam euismod massa non dolor pretium aliquam sit amet non lectus.
Etiam facilisis nisl risus, a finibus erat egestas vel.
Etiam fermentum dolor massa, non tincidunt velit scelerisque ut.
Etiam fermentum urna mauris, ultricies faucibus orci sodales eu.
Etiam finibus aliquet urna eget eleifend.
Etiam gravida eros et nisl auctor porta.
Etiam id elementum dui, ut fringilla leo.
Etiam id vestibulum urna.
Etiam lacinia ornare sem, eu interdum ipsum pulvinar a.
Etiam lacinia risus lacus, sed fringilla mi semper venenatis.
Etiam massa orci, vulputate eu laoreet sit amet, cursus et lorem.
Etiam maximus leo enim, ultrices rhoncus ipsum placerat non.
Etiam maximus mauris lorem, non tristique erat luctus vel.
Etiam mi sapien, lacinia vitae nulla quis, pellentesque ornare est.
Etiam neque risus, vestibulum eu dignissim eget, aliquet a lectus.
Etiam placerat arcu eu orci elementum hendrerit.
Etiam porttitor nibh eu lacinia scelerisque.
Etiam posuere odio sit amet eros mattis eleifend.
Etiam sapien odio, varius eget lacinia non, elementum non arcu.
Etiam sed venenatis quam, a varius lectus.
Etiam sit amet fringilla elit.
Etiam sit amet nunc ac arcu hendrerit egestas.
Etiam sit amet venenatis augue, at aliquet mauris.
Etiam tellus tortor, gravida at sapien pulvinar, scelerisque accumsan enim.
Etiam tincidunt enim vitae mauris pulvinar, in tempus augue porta.
Etiam turpis elit, volutpat sit amet mi sit amet, ornare suscipit ligula.
Etiam ultrices justo nec nisi vestibulum, eu lacinia diam aliquet.
Etiam ultricies risus at arcu vehicula consequat.
Etiam ultricies tortor ac lorem sagittis rutrum.
Etiam vel dolor a justo consectetur venenatis.
Etiam vel dui vitae nulla dictum ultricies at faucibus nisi.
Etiam vel enim at augue fringilla vehicula a id risus.
Etiam vel pellentesque leo.
Etiam vel posuere tortor.
Etiam vestibulum in lectus eget volutpat.
Etiam vitae rutrum tortor.
Etiam vitae velit id erat tincidunt iaculis nec sit amet turpis.
Etiam vitae vulputate purus, vel vestibulum nisi.
Etiam viverra ante sapien, et congue elit dignissim a.
Etiam viverra vel felis nec viverra.
Fusce a blandit dui, eget aliquet dolor.
Fusce ac facilisis lorem.
Fusce ac massa gravida, viverra neque eu, rhoncus augue.
Fusce accumsan, nibh eu viverra eleifend, ipsum risus consectetur quam, dapibus luctus est nulla eget est.
Fusce aliquam sapien in mattis fermentum.
Fusce aliquet nulla ligula, quis eleifend leo rhoncus quis.
Fusce ante tortor, tincidunt quis tincidunt eu, maximus vel tortor.
Fusce arcu odio, posuere et consectetur eu, vestibulum nec justo.
Fusce at dignissim lectus, ut luctus orci.
Fusce at feugiat felis.
Fusce at porta lacus.
Fusce auctor quam risus, nec faucibus nisl tristique vitae.
Fusce auctor, sem eu elementum varius, sem mauris lacinia neque, sed euismod lectus augue a magna.
Fusce congue urna ligula, id semper justo blandit at.
Fusce consequat finibus purus quis semper.
Fusce consequat porta rhoncus.
Fusce dapibus lacinia arcu.
Fusce dictum rhoncus interdum.
Fusce dictum, diam eget lacinia sodales, nisl dolor posuere elit, non gravida orci ante vitae lectus.
Fusce eget elit sapien.
Fusce eget magna at ex feugiat pretium.
Fusce eget tellus rutrum, convallis risus id, consequat magna.
Fusce elementum diam a sem vehicula cursus.
Fusce elit dui, efficitur et accumsan ac, sodales fringilla leo.
Fusce erat ligula, egestas eu tincidunt id, placerat ut elit.
Fusce erat nunc, imperdiet vitae sollicitudin at, convallis id nunc.
Fusce est orci, volutpat et purus eu, elementum blandit nisl.
Fusce ex urna, laoreet eget cursus a, venenatis sit amet dolor.
Fusce finibus, mi at maximus mollis, arcu eros congue augue, ac feugiat est erat sit amet mi.
Fusce fringilla arcu eget iaculis vestibulum.
Fusce gravida a nisi sed suscipit.
Fusce id dui gravida, tincidunt magna eget, venenatis elit.
Fusce in erat augue.
Fusce ipsum sapien, efficitur non risus condimentum, rutrum mattis justo.
Fusce mauris enim, semper vel orci vitae, posuere aliquam nibh.
Fusce maximus lacus urna, et vulputate arcu scelerisque a.
Fusce maximus porttitor hendrerit.
Fusce maximus vestibulum mi vitae eleifend.
Fusce molestie eget ante rhoncus efficitur.
Fusce molestie mauris et diam consequat scelerisque.
Fusce mollis bibendum mi, ac posuere justo gravida et.
Fusce mollis dignissim sem, a faucibus eros accumsan sit amet.
Fusce mollis, ante sit amet facilisis posuere, magna massa tempus velit, at hendrerit felis arcu sed risus.
Fusce nec fringilla sem.
Fusce nec pulvinar purus, in mattis quam.
Fusce nec sem eget lacus fermentum blandit ut eget ante.
Fusce nec vehicula velit.
Fusce nisi leo, semper at orci sit amet, hendrerit posuere odio.
Fusce non erat in arcu pulvinar semper.
Fusce non leo et ligula tempor ultrices id sit amet quam.
Fusce ornare non lorem quis rutrum.
Fusce pellentesque enim mi, nec iaculis nibh volutpat at.
Fusce pretium, magna a auctor faucibus, leo risus porttitor neque, et tristique erat magna a mi.
Fusce quis eleifend lacus.
Fusce scelerisque diam non nisl congue, sit amet pellentesque arcu rhoncus.
Fusce sed rhoncus ipsum, accumsan vehicula nibh.
Fusce sit amet lectus imperdiet, commodo justo in, cursus velit.
Fusce sit amet nulla luctus, sollicitudin tortor quis, dapibus mi.
Fusce sodales a velit et tincidunt.
Fusce tempus eget nisl ac congue.
Fusce tincidunt odio sit amet ornare mollis.
Fusce tristique pellentesque nisl a dictum.
Fusce ullamcorper pharetra diam, vitae dictum turpis tempor ac.
Fusce ultricies congue gravida.
Fusce velit sapien, consequat eget ante eu, volutpat tristique lorem.
Fusce venenatis magna enim, in aliquam dui sagittis placerat.
Fusce venenatis tortor vel ante commodo, nec gravida dolor luctus.
Fusce volutpat erat nec massa aliquam, sit amet faucibus enim lobortis.
Fusce vulputate metus a eros auctor gravida.
In ac bibendum purus.
In aliquam lorem quis ipsum luctus, quis commodo ex mollis.
In at neque nisl.
In at porta augue.
In auctor diam sit amet consectetur iaculis.
In egestas dapibus augue, ut lacinia augue facilisis vitae.
In egestas, quam et ultricies ultricies, dolor metus ultricies urna, at consectetur nisi velit vel massa.
In eget ex placerat, tempus nisi vitae, ornare eros.
In elementum, ligula ac auctor mollis, nisl enim porttitor sem, non placerat tortor neque sed neque.
In et augue porta purus luctus sagittis.
In et erat ut leo egestas aliquam sit amet quis ante.
In et posuere arcu, sit amet lacinia leo.
In eu nulla in enim posuere tincidunt non a purus.
In euismod condimentum efficitur.
In facilisis vehicula nisl id suscipit.
In faucibus augue felis, quis cursus nulla feugiat in.
In fermentum, justo varius placerat posuere, lorem massa laoreet nisl, eu tincidunt neque erat eget sem.
In finibus pulvinar nunc at tristique.
In fringilla gravida arcu sit amet laoreet.
In gravida justo vitae erat ultrices dignissim.
In gravida quam nec elit pretium, semper dapibus metus hendrerit.
In hac habitasse platea dictumst.
In iaculis tempus justo in varius.
In id blandit nisi, ut laoreet mauris.
In id efficitur felis.
In id mi velit.
In imperdiet eleifend euismod.
In imperdiet felis at ipsum feugiat, nec aliquet nisl ultrices.
In in iaculis turpis, vel finibus felis.
In in nunc quis mi dignissim feugiat sed id erat.
In in orci sapien.
In interdum eros sed justo lacinia, et ullamcorper sapien consectetur.
In justo ligula, laoreet eget placerat ut, tempus nec nunc.
In lacinia luctus dolor faucibus vulputate.
In luctus dictum commodo.
In mauris justo, cursus ac mauris vel, gravida convallis neque.
In nisi mauris, hendrerit nec accumsan et, luctus at ante.
In nunc erat, ullamcorper eget tincidunt vitae, porta sit amet ipsum.
In pellentesque at massa sed pretium.
In porttitor, libero volutpat interdum vehicula, erat nisl eleifend ipsum, et varius metus erat id turpis.
In pulvinar efficitur lorem eu fringilla.
In quis lorem eget tellus viverra dapibus.
In sed ante massa.
In sem enim, laoreet scelerisque ligula sit amet, pulvinar hendrerit dui.
In sem lectus, congue ut porttitor ac, lobortis id purus.
In sit amet congue elit.
In sit amet turpis nec nulla sollicitudin eleifend.
In tempor nunc neque, sit amet ultrices velit iaculis consequat.
In tincidunt luctus augue.
In ultrices et nisi nec feugiat.
In urna ligula, condimentum id faucibus condimentum, dictum vitae dui.
In ut tristique neque.
In vehicula mauris vel massa eleifend, id dapibus justo cursus.
In vel felis mauris.
In vestibulum orci in ligula porta dapibus.
In vitae felis eget nisl rutrum eleifend.
In vitae luctus risus.
In volutpat non sem in dapibus.
In volutpat tortor libero.
In volutpat, risus id laoreet suscipit, odio erat molestie ipsum, a vehicula orci urna non ante.
In vulputate tellus mi, ut vehicula neque vestibulum in.
Integer at dapibus nisi.
Integer at dui tristique, ullamcorper nisl ac, efficitur augue.
Integer auctor ornare scelerisque.
Integer bibendum metus et neque consectetur, ac luctus ligula molestie.
Integer blandit egestas facilisis.
Integer condimentum, ex finibus dictum tempor, lacus turpis suscipit nulla, at ornare arcu nisi nec ligula.
Integer congue sollicitudin nisl, at consequat nunc elementum viverra.
Integer consectetur, purus eu consequat ultrices, ligula nisl commodo augue, a euismod erat sem vitae urna.
Integer convallis ultrices laoreet.
Integer dapibus elit et arcu sodales porttitor.
Integer dignissim dolor sit amet justo condimentum suscipit.
Integer efficitur ornare placerat.
Integer et eleifend mauris.
Integer et felis vel erat viverra aliquam.
Integer et ligula vitae elit egestas efficitur sollicitudin et magna.
Integer et tortor tristique dolor bibendum finibus.
Integer eu consectetur tellus.
Integer eu imperdiet nunc.
Integer eu tellus purus.
Integer fringilla augue risus, suscipit pulvinar leo dictum vitae.
Integer hendrerit turpis ante, non viverra sapien volutpat quis.
Integer id ex arcu.
Integer imperdiet eros eget purus scelerisque elementum.
Integer in nibh lorem.
Integer interdum, enim nec dapibus auctor, ex nibh cursus nisi, sit amet volutpat tortor leo sit amet dolor.
Integer lacinia mi feugiat eros mattis rutrum.
Integer laoreet euismod erat, nec convallis odio placerat id.
Integer maximus interdum iaculis.
Integer mollis magna quis risus commodo mollis.
Integer neque sapien, rutrum faucibus pulvinar a, mollis et justo.
Integer nibh elit, convallis eget posuere ac, convallis in sem.
Integer non orci felis.
Integer pellentesque sit amet nisi nec dapibus.
Integer quis augue vitae quam tempus auctor a aliquam tellus.
Integer quis dapibus ex.
Integer quis posuere tortor.
Integer rutrum risus vitae magna auctor rutrum.
Integer rutrum vel tellus nec fermentum.
Integer sagittis est at mollis egestas.
Integer scelerisque eros eu dui faucibus, id scelerisque libero volutpat.
Integer scelerisque feugiat auctor.
Integer sed enim ut diam ornare consequat non a massa.
Integer sed felis faucibus, vehicula purus ac, iaculis sem.
Integer sed ultricies tellus, at feugiat nulla.
Integer semper at purus ac sollicitudin.
Integer semper diam a iaculis lobortis.
Integer sit amet augue sit amet purus scelerisque pharetra.
Integer sodales magna quis libero fringilla viverra at blandit neque.
Integer tincidunt ipsum ac enim tempus ornare.
Integer tortor nibh, lobortis quis odio quis, placerat imperdiet velit.
Integer tristique, erat non efficitur egestas, nisi quam venenatis sem, id rhoncus purus nibh eu velit.
Integer ullamcorper dolor orci, id hendrerit tortor posuere sit amet.
Integer ullamcorper, neque id placerat varius, tellus urna consequat ipsum, eget consequat augue mauris vitae velit.
Integer ut dolor vel arcu dapibus sodales non mattis risus.
Integer vehicula dolor velit, eget dignissim urna ultrices molestie.
Integer vel scelerisque leo, id cursus diam.
Integer velit est, fringilla volutpat convallis id, cursus in erat.
Integer vitae fringilla libero, id viverra ipsum.
Integer vitae pharetra enim.
Integer vitae quam in neque bibendum scelerisque.
Integer vulputate at enim nec dictum.
Interdum et malesuada fames ac ante ipsum primis in faucibus.
Lorem ipsum dolor sit amet, consectetur adipiscing elit.
Maecenas accumsan libero nunc, id tincidunt lectus euismod sed.
Maecenas blandit fermentum consectetur.
Maecenas blandit feugiat lorem, eget tincidunt lacus scelerisque quis.
Maecenas consequat, metus consequat ultrices suscipit, velit tortor lobortis massa, eu suscipit nisi libero id velit.
Maecenas cursus eros risus, vel molestie leo rhoncus non.
Maecenas dapibus condimentum venenatis.
Maecenas dapibus mollis finibus.
Maecenas dictum ornare ipsum, euismod elementum felis condimentum ac.
Maecenas eget nisi ligula.
Maecenas eleifend bibendum tortor vitae dignissim.
Maecenas elementum risus ut libero tristique, sit amet pharetra tellus efficitur.
Maecenas et libero augue.
Maecenas faucibus accumsan massa, ac tincidunt sapien volutpat nec.
Maecenas felis eros, tempor non viverra non, sollicitudin quis erat.
Maecenas fermentum lacus sit amet ultricies malesuada.
Maecenas iaculis libero sit amet mi finibus, vel blandit dolor placerat.
Maecenas id consequat urna.
Maecenas id efficitur neque.
Maecenas imperdiet venenatis elit, in fringilla orci iaculis nec.
Maecenas in nibh risus.
Maecenas laoreet elementum magna ut aliquet.
Maecenas molestie justo sit amet urna rutrum elementum.
Maecenas molestie risus eu lacus vestibulum, quis mollis massa efficitur.
Maecenas nec velit et mauris volutpat maximus quis nec ligula.
Maecenas nisl erat, maximus quis nisi lobortis, sodales viverra sapien.
Maecenas ornare rutrum tellus, quis pharetra ex pharetra sed.
Maecenas pellentesque ligula eu lorem maximus, id pretium tortor tempus.
Maecenas posuere massa nec nibh ultrices, ac interdum tellus interdum.
Maecenas quis commodo urna, semper porta mi.
Maecenas quis quam in orci commodo euismod.
Maecenas quis quam sit amet eros commodo semper.
Maecenas sed aliquet magna.
Maecenas sed ex sit amet tortor sagittis luctus.
Maecenas semper dictum convallis.
Maecenas sit amet auctor ipsum.
Maecenas sit amet tortor nec mi fermentum ornare.
Maecenas sit amet varius urna, quis convallis mauris.
Maecenas sodales maximus ante, non interdum nibh iaculis quis.
Maecenas sollicitudin luctus vulputate.
Maecenas tempor nibh ut nibh vestibulum accumsan.
Maecenas tempus imperdiet enim et vulputate.
Maecenas tincidunt velit et diam hendrerit, ac consectetur ex dapibus.
Maecenas ut lectus fringilla justo feugiat posuere.
Maecenas vel enim est.
Maecenas vitae mollis dui.
Maecenas vitae risus risus.
Maecenas volutpat gravida nibh a lobortis.
Mauris ac lacus feugiat, tincidunt turpis a, dictum ligula.
Mauris ac rutrum odio.
Mauris ante odio, rhoncus ac fermentum id, elementum at quam.
Mauris arcu magna, sollicitudin at magna ut, egestas gravida lacus.
Mauris at aliquet dolor.
Mauris at quam at arcu ornare vehicula in porttitor purus.
Mauris augue neque, dignissim malesuada nisi sed, luctus tempor diam.
Mauris bibendum consectetur augue, eget vulputate lorem dapibus in.
Mauris bibendum posuere ligula, at venenatis nulla imperdiet fringilla.
Mauris congue lacus nulla.
Mauris consectetur elit eu commodo ultricies.
Mauris convallis pharetra urna, sit amet rutrum dolor luctus sit amet.
Mauris diam nisi, dictum in elit a, varius viverra neque.
Mauris dignissim finibus eros, sit amet tristique tellus convallis hendrerit.
Mauris eget accumsan metus.
Mauris eget sapien id turpis semper molestie.
Mauris eleifend vestibulum mollis.
Mauris et urna eget sem sollicitudin laoreet.
Mauris euismod commodo mi in maximus.
Mauris faucibus felis at tellus commodo facilisis.
Mauris fermentum mi eget odio laoreet, a ornare nulla molestie.
Mauris gravida risus at odio pulvinar, at facilisis est ornare.
Mauris gravida, magna vitae ullamcorper iaculis, enim mauris interdum libero, at aliquet nisi magna in nisl.
Mauris id enim nec est egestas sollicitudin.
Mauris ipsum massa, consectetur id imperdiet ut, porta id dolor.
Mauris lacinia blandit massa eu bibendum.
Mauris lacus lorem, condimentum in elit a, accumsan ultricies lorem.
Mauris laoreet sagittis rhoncus.
Mauris lectus metus, sollicitudin sit amet eros ut, maximus dignissim turpis.
Mauris libero risus, iaculis eget est sit amet, dictum consequat velit.
Mauris lobortis tristique tellus, id pulvinar magna.
Mauris lobortis turpis eu augue bibendum dictum.
Mauris luctus risus porttitor viverra vestibulum.
Mauris mattis purus sed sodales hendrerit.
Mauris mauris lacus, luctus at lorem non, hendrerit rhoncus risus.
Mauris non aliquam turpis, et bibendum libero.
Mauris non est ac felis semper gravida eget quis purus.
Mauris non felis ullamcorper, rutrum nulla et, gravida tortor.
Mauris non tristique ipsum, a blandit erat.
Mauris ornare molestie erat, ac vehicula lorem pretium a.
Mauris quis dapibus dui.
Mauris quis mauris ultricies, sagittis massa vel, sodales purus.
Mauris quis nulla id diam venenatis malesuada sed id ex.
Mauris sed condimentum tellus.
Mauris sit amet iaculis sapien.
Mauris tempor est elit, sit amet iaculis enim consectetur nec.
Mauris tempor tortor eu sapien accumsan, quis lacinia dolor lacinia.
Mauris tempus sed lectus tempus dapibus.
Mauris turpis libero, tempus vel dui mattis, imperdiet lacinia elit.
Mauris ultrices porta quam, at vulputate orci rutrum in.
Mauris ultricies venenatis velit vel posuere.
Mauris urna lacus, consectetur non lacinia ut, bibendum in ipsum.
Mauris ut dignissim diam.
Mauris ut est et sem maximus sollicitudin.
Mauris ut ipsum ipsum.
Mauris vel orci congue neque posuere convallis.
Mauris vitae ullamcorper lectus.
Morbi ac auctor arcu, sed viverra ipsum.
Morbi ac justo malesuada, finibus mi sed, commodo mauris.
Morbi ac lacus sit amet ligula interdum laoreet.
Morbi ac pharetra orci.
Morbi ac quam nec tortor suscipit placerat a et sapien.
Morbi accumsan eu leo at maximus.
Morbi at cursus leo.
Morbi at ipsum at mauris elementum fringilla eu tempor magna.
Morbi condimentum, felis at ullamcorper mattis, arcu nunc efficitur dui, at maximus diam dui sit amet purus.
Morbi congue odio vitae varius euismod.
Morbi consectetur finibus ex a cursus.
Morbi consectetur massa porttitor, sollicitudin velit ut, bibendum nisi.
Morbi cursus erat sit amet lorem vestibulum finibus.
Morbi cursus odio in urna imperdiet imperdiet.
Morbi dictum nulla vitae est tincidunt, accumsan scelerisque dui viverra.
Morbi eget euismod quam, at placerat purus.
Morbi est mi, faucibus non nulla ut, facilisis aliquet neque.
Morbi est nisi, porttitor sit amet mauris quis, egestas hendrerit eros.
Morbi et varius tortor.
Morbi eu posuere nulla.
Morbi eu sollicitudin mi, ultrices cursus nisl.
Morbi euismod mollis condimentum.
Morbi euismod nibh sed ligula aliquet, ac hendrerit enim condimentum.
Morbi euismod, tortor vitae laoreet maximus, lectus mi posuere lectus, in faucibus massa lacus quis sapien.
Morbi facilisis, ex in ullamcorper iaculis, orci felis auctor nibh, at sagittis mi lorem tempus erat.
Morbi finibus maximus mi, et bibendum lacus pellentesque ut.
Morbi id odio in dolor interdum porttitor vitae in justo.
Morbi metus neque, efficitur sed mauris ac, vestibulum venenatis dolor.
Morbi nisl nibh, bibendum in vehicula a, porta eu sem.
Morbi nisl tortor, condimentum vitae dapibus eu, tristique vitae libero.
Morbi non leo pretium, interdum tellus eget, lacinia mi.
Morbi non nisi quis felis porttitor viverra sit amet a nulla.
Morbi non tellus imperdiet massa suscipit egestas.
Morbi non velit vel sapien interdum pretium.
Morbi orci erat, suscipit feugiat cursus in, lobortis sit amet purus.
Morbi ornare vulputate lectus, nec malesuada leo commodo sed.
Morbi rhoncus vehicula lorem, quis faucibus odio malesuada a.
Morbi rhoncus vitae dui eget aliquet.
Morbi sagittis pretium mauris, eget placerat nisi posuere ac.
Morbi sit amet hendrerit augue.
Morbi sit amet risus mi.
Morbi tellus ipsum, rhoncus vel auctor eget, fermentum id lorem.
Morbi tempor placerat aliquam.
Morbi tempus, lectus quis porta facilisis, purus nisl molestie mi, sed tempus turpis mauris sed ex.
Morbi venenatis diam id nibh viverra cursus.
Morbi vitae odio pharetra, hendrerit lectus non, cursus ipsum.
Morbi vitae tortor non tortor ultrices tempor.
Nam a dapibus ipsum.
Nam at accumsan risus.
Nam bibendum iaculis nisl, et imperdiet odio venenatis aliquet.
Nam bibendum in quam quis cursus.
Nam bibendum turpis at eros maximus, condimentum porta arcu porta.
Nam blandit magna vitae est eleifend congue.
Nam commodo nisi id purus faucibus rhoncus.
Nam condimentum varius velit.
Nam convallis id metus in vulputate.
Nam cursus et velit vitae venenatis.
Nam egestas sapien eu tellus pharetra iaculis.
Nam eleifend sapien turpis, at aliquet nibh auctor sed.
Nam erat augue, elementum sed tortor non, dignissim interdum orci.
Nam erat nisl, semper in scelerisque sed, dignissim id nisi.
Nam est orci, viverra congue sollicitudin nec, fermentum a urna.
Nam et vulputate dolor.
Nam eu dictum erat, nec fringilla felis.
Nam eu erat risus.
Nam euismod ac metus eget maximus.
Nam ex justo, ullamcorper eu euismod eget, tristique eleifend nisl.
Nam faucibus orci sed odio accumsan interdum.
Nam faucibus placerat sollicitudin.
Nam feugiat, quam at pulvinar molestie, dui ligula consectetur metus, in fringilla sem libero quis nunc.
Nam iaculis augue eget metus interdum ullamcorper.
Nam id gravida est, eget dictum massa.
Nam id imperdiet velit.
Nam id magna ultricies, congue ex vitae, consectetur ex.
Nam in libero convallis, tristique tellus in, sagittis ex.
Nam in nulla sit amet erat scelerisque lobortis.
Nam laoreet mattis nisi, at mollis eros pulvinar quis.
Nam maximus diam mollis turpis pretium, in feugiat mi molestie.
Nam maximus sed risus sit amet mattis.
Nam molestie, ligula eu blandit molestie, nibh purus laoreet elit, in cursus justo mauris eu ex.
Nam mollis odio feugiat ante mollis, nec venenatis sapien vehicula.
Nam nec commodo turpis.
Nam non finibus orci.
Nam non pellentesque massa, sit amet placerat nunc.
Nam odio purus, iaculis sed tortor et, tincidunt aliquet massa.
Nam pellentesque mi velit, sed dapibus lectus dignissim eget.
Nam porttitor est eu molestie porttitor.
Nam quis dolor finibus augue blandit malesuada a vel nibh.
Nam rutrum scelerisque lorem.
Nam sagittis porta sem ut viverra.
Nam sed diam elementum, fermentum risus eu, malesuada ipsum.
Nam sit amet lectus faucibus purus cursus auctor nec ut tortor.
Nam sit amet posuere odio.
Nam tincidunt scelerisque molestie.
Nam tincidunt, est vitae sodales sagittis, est ex ornare lacus, aliquet auctor diam nisi vitae leo.
Nam ut justo sapien.
Nam ut pellentesque magna.
Nam ut sapien magna.
Nam vel ante sed leo faucibus sollicitudin.
Nam vestibulum pretium tellus id interdum.
Nam vitae ante felis.
Nam vitae dictum nibh, ut ornare massa.
Nam viverra vel ex a gravida.
Nulla a elit dui.
Nulla a sapien in tellus scelerisque posuere at eget tellus.
Nulla aliquet sem at lectus semper iaculis.
Nulla at diam ex.
Nulla auctor libero ut vulputate dignissim.
Nulla auctor mauris quis finibus sodales.
Nulla blandit enim nec libero volutpat gravida.
Nulla blandit erat diam, in dapibus arcu cursus sit amet.
Nulla blandit interdum posuere.
Nulla commodo nibh cursus suscipit tempor.
Nulla commodo odio risus.
Nulla congue metus sit amet facilisis varius.
Nulla consectetur ipsum lorem, et mattis magna fermentum a.
Nulla dolor felis, iaculis vitae orci ut, molestie lobortis leo.
Nulla eget congue massa, sit amet cursus massa.
Nulla eget enim vehicula, commodo metus eget, aliquet dolor.
Nulla elementum arcu iaculis metus tincidunt mattis.
Nulla elementum neque nec neque finibus blandit.
Nulla elementum nunc pellentesque eros ornare, at efficitur mi egestas.
Nulla elit augue, rutrum at erat id, pretium ornare lacus.
Nulla eu aliquet ligula.
Nulla eu magna porta, elementum nisi eu, porta orci.
Nulla eu nunc varius, iaculis tortor quis, faucibus nisi.
Nulla facilisi.
Nulla felis arcu, consequat eget fermentum id, maximus vel diam.
Nulla felis dui, lobortis non imperdiet eget, iaculis euismod urna.
Nulla fringilla dapibus faucibus.
Nulla id ipsum nec tortor dignissim dapibus.
Nulla in odio urna.
Nulla in pharetra mauris, quis varius velit.
Nulla in pharetra velit.
Nulla in rutrum sem.
Nulla interdum nibh nec justo molestie, in fermentum libero egestas.
Nulla libero est, sodales nec sodales eget, lacinia vel felis.
Nulla luctus neque ut molestie venenatis.
Nulla mattis tellus eu purus tristique iaculis.
Nulla molestie nisi tristique vulputate cursus.
Nulla nec lectus et enim interdum efficitur a non arcu.
Nulla nec urna aliquet, euismod mauris et, varius tellus.
Nulla non arcu ante.
Nulla nulla enim, aliquam non justo eu, volutpat cursus lectus.
Nulla odio orci, facilisis vel quam vel, scelerisque tempor ex.
Nulla pellentesque diam velit, ac mattis augue bibendum sit amet.
Nulla pellentesque magna in magna aliquet sodales.
Nulla pellentesque vehicula urna.
Nulla placerat est id lobortis vehicula.
Nulla pulvinar nisl commodo bibendum lobortis.
Nulla pulvinar porttitor erat nec pellentesque.
Nulla quis felis fringilla lorem blandit dictum.
Nulla quis nisl laoreet, gravida nisl non, mollis dolor.
Nulla scelerisque dignissim dapibus.
Nulla semper gravida ipsum et tempus.
Nulla sit amet velit auctor, pellentesque est nec, malesuada leo.
Nulla tempor mi sit amet nisi interdum, eu varius lectus fringilla.
Nulla ullamcorper ornare placerat.
Nulla ultrices ultricies sapien ac tincidunt.
Nulla vehicula congue leo, a ornare arcu venenatis vitae.
Nulla vehicula eget nisl at sollicitudin.
Nulla vel ex vel quam condimentum sollicitudin.
Nulla vitae cursus ipsum.
Nulla vitae ex bibendum, ullamcorper nunc vel, bibendum mauris.
Nulla vitae ipsum erat.
Nulla vulputate, purus congue molestie sodales, arcu massa ullamcorper mauris, id pharetra felis nulla at enim.
Nullam accumsan, ante sed lacinia congue, ipsum massa posuere elit, nec pharetra tortor sem eu nisi.
Nullam aliquam auctor turpis, in lacinia tellus pharetra sed.
Nullam at mi elit.
Nullam at urna interdum, egestas nibh sit amet, facilisis tellus.
Nullam blandit convallis ipsum, nec maximus felis aliquam nec.
Nullam blandit sed erat ac egestas.
Nullam consectetur mattis velit et tincidunt.
Nullam dignissim tristique diam eget tempus.
Nullam dolor nulla, condimentum quis vestibulum et, bibendum eu sem.
Nullam elementum ac ligula sed pulvinar.
Nullam et neque molestie, fermentum justo pretium, pharetra quam.
Nullam eu consectetur neque.
Nullam eu ipsum eu elit egestas maximus.
Nullam eu tellus vel tortor placerat ultricies.
Nullam fermentum sem vel libero maximus hendrerit.
Nullam fringilla est quis nulla laoreet, id sagittis dolor lacinia.
Nullam gravida quis nisl quis consequat.
Nullam gravida, nunc eget congue accumsan, elit risus volutpat lacus, eu consectetur dui nisi in quam.
Nullam hendrerit molestie lacus, eu finibus velit porta ut.
Nullam hendrerit nunc arcu, vel sollicitudin leo auctor id.
Nullam id viverra eros, sit amet consequat tellus.
Nullam in facilisis erat, ac tempor elit.
Nullam lacus neque, egestas id vulputate a, tincidunt ac lorem.
Nullam laoreet porta nunc.
Nullam lectus turpis, suscipit at neque ut, condimentum posuere ante.
Nullam mattis viverra libero, et laoreet ipsum hendrerit dictum.
Nullam maximus ante non justo posuere hendrerit.
Nullam nec ex dui.
Nullam nec nisl elit.
Nullam nec posuere nibh.
Nullam pretium orci non sem ullamcorper dignissim.
Nullam quis condimentum ipsum.
Nullam quis euismod ligula.
Nullam quis pretium eros.
Nullam sed nunc erat.
Nullam semper quam eget pulvinar pellentesque.
Nullam sodales, lorem vitae convallis fermentum, dolor nisl mattis sem, id rutrum arcu metus eu turpis.
Nullam tristique mauris sollicitudin, posuere nibh ac, scelerisque metus.
Nullam urna odio, semper vel fringilla sed, dignissim vitae diam.
Nullam ut lacus arcu.
Nullam vehicula in lacus ut rhoncus.
Nullam vel mi hendrerit, imperdiet velit luctus, rutrum orci.
Nullam vestibulum tincidunt mauris, vel semper quam imperdiet quis.
Nullam volutpat auctor libero et imperdiet.
Nullam vulputate odio nec justo pellentesque, et vulputate lorem porttitor.
Nunc accumsan eleifend rhoncus.
Nunc aliquam scelerisque magna.
Nunc ante tortor, facilisis eu sollicitudin at, elementum quis nibh.
Nunc at eleifend nunc.
Nunc at erat sit amet enim rhoncus suscipit.
Nunc at gravida leo.
Nunc auctor elit metus, a aliquet diam pellentesque nec.
Nunc commodo metus ac luctus egestas.
Nunc congue diam nec consectetur ornare.
Nunc congue orci nunc, non molestie nisi porttitor ut.
Nunc convallis congue mauris.
Nunc convallis tincidunt viverra.
Nunc dapibus est dolor, in luctus mi lobortis eu.
Nunc dignissim mauris nec mauris tempor, a hendrerit quam tincidunt.
Nunc efficitur ultricies ligula, in posuere felis eleifend sit amet.
Nunc eget venenatis est, vel lobortis arcu.
Nunc est nulla, imperdiet a ligula et, sodales tempor ante.
Nunc et dui enim.
Nunc eu luctus felis.
Nunc eu neque tempus, congue massa et, suscipit tortor.
Nunc eu tempus nisl.
Nunc ex nibh, gravida eu efficitur finibus, pharetra et nunc.
Nunc faucibus, ligula sed facilisis vulputate, ipsum nibh ullamcorper risus, vel gravida tellus purus vitae nunc.
Nunc fermentum aliquam malesuada.
Nunc fermentum neque et lacus porta, tincidunt molestie felis facilisis.
Nunc feugiat fringilla magna, lobortis sagittis purus suscipit non.
Nunc feugiat id ante egestas laoreet.
Nunc gravida, leo vel tincidunt cursus, metus massa auctor magna, ut scelerisque ex diam mollis neque.
Nunc hendrerit feugiat suscipit.
Nunc id auctor augue.
Nunc in elit ultricies, eleifend tortor et, pulvinar turpis.
Nunc laoreet faucibus odio.
Nunc laoreet nec ipsum porta vestibulum.
Nunc lobortis, justo sed mattis imperdiet, quam augue ultrices arcu, ac dictum sem purus non nulla.
Nunc mattis magna id iaculis imperdiet.
Nunc mattis mi nec neque tempor aliquam.
Nunc mollis nibh quis blandit ullamcorper.
Nunc non nulla non urna suscipit convallis in non risus.
Nunc ornare felis augue, id finibus est sagittis quis.
Nunc pellentesque sit amet ex vel tempus.
Nunc porta ex nec ante pharetra tincidunt.
Nunc pretium molestie vestibulum.
Nunc rutrum maximus metus.
Nunc rutrum tortor justo, at faucibus metus pharetra nec.
Nunc sagittis nibh ac libero ornare porta.
Nunc sagittis urna ut ante tempus lobortis.
Nunc sed elit cursus nunc convallis faucibus nec nec neque.
Nunc sit amet lacus tempus, euismod mauris vel, convallis tellus.
Nunc sit amet lectus ac justo vehicula posuere vel in enim.
Nunc suscipit nisi quis tellus pulvinar vulputate.
Nunc suscipit pretium sagittis.
Nunc tortor massa, semper vel mi non, consequat consectetur sapien.
Nunc tristique sapien sit amet ipsum lacinia sodales.
Nunc turpis risus, suscipit et nisi vitae, molestie ullamcorper augue.
Nunc ullamcorper ullamcorper elit, viverra scelerisque purus tempor a.
Nunc ut ante tincidunt, pulvinar nulla interdum, interdum justo.
Nunc ut ullamcorper ipsum, eget luctus nisi.
Nunc varius urna ac euismod malesuada.
Nunc vel bibendum tortor, a luctus sem.
Nunc vitae dignissim odio.
Nunc vitae dui vestibulum, porttitor justo id, porttitor velit.
Nunc vitae pharetra nulla.
Nunc viverra est orci, vitae congue tellus semper et.
Nunc vulputate dictum sodales.
Orci varius natoque penatibus et magnis dis parturient montes, nascetur ridiculus mus.
Pellentesque a faucibus ex, in cursus velit.
Pellentesque a libero porttitor, porta nunc a, dictum neque.
Pellentesque ac eros finibus, iaculis turpis et, bibendum neque.
Pellentesque ac libero at lorem porta laoreet id finibus purus.
Pellentesque accumsan varius lectus, vel rutrum metus vehicula non.
Pellentesque ante turpis, cursus in lacus in, lobortis ullamcorper diam.
Pellentesque at fermentum nibh.
Pellentesque at magna et ante placerat ornare.
Pellentesque at mi erat.
Pellentesque at sagittis metus.
Pellentesque augue arcu, eleifend non hendrerit ut, tristique quis ipsum.
Pellentesque blandit nec magna in scelerisque.
Pellentesque blandit nec sem at maximus.
Pellentesque cursus, tellus non viverra rutrum, diam odio porttitor ipsum, in varius lorem urna ac nibh.
Pellentesque dictum blandit pharetra.
Pellentesque dolor nunc, placerat vel mattis ut, luctus at ipsum.
Pellentesque dui diam, malesuada in tincidunt mollis, tincidunt a nisl.
Pellentesque dui leo, consectetur quis diam faucibus, efficitur suscipit odio.
Pellentesque efficitur, massa ut rhoncus facilisis, libero libero ultrices ex, porttitor cursus purus purus eget lacus.
Pellentesque eget orci vel risus laoreet egestas.
Pellentesque erat libero, faucibus vitae enim eget, bibendum sodales odio.
Pellentesque est velit, fringilla sed venenatis in, ornare scelerisque metus.
Pellentesque et mauris cursus, suscipit sem ut, sagittis orci.
Pellentesque fringilla faucibus nibh nec bibendum.
Pellentesque habitant morbi tristique senectus et netus et malesuada fames ac turpis egestas.
Pellentesque iaculis at dui at tristique.
Pellentesque iaculis efficitur dolor vel tincidunt.
Pellentesque id libero sed ex egestas efficitur.
Pellentesque id tristique urna.
Pellentesque lacinia, enim nec laoreet scelerisque, odio dolor ornare leo, at dapibus purus ante et urna.
Pellentesque lobortis placerat erat et condimentum.
Pellentesque luctus dolor sem, non eleifend elit viverra porta.
Pellentesque malesuada mattis urna a condimentum.
Pellentesque mauris urna, egestas a suscipit ut, blandit vel lorem.
Pellentesque nec tincidunt augue, at maximus justo.
Pellentesque nec varius nisl, a tempus sapien.
Pellentesque nibh risus, aliquet nec interdum id, sodales sit amet magna.
Pellentesque non elementum leo.
Pellentesque non enim nunc.
Pellentesque pharetra, mauris eu aliquam suscipit, eros diam commodo purus, sed congue ante nulla sed tortor.
Pellentesque pretium, dolor ut viverra laoreet, lectus magna commodo lectus, a dapibus erat tellus nec justo.
Pellentesque rhoncus luctus quam sagittis ullamcorper.
Pellentesque scelerisque facilisis mi, vel varius ligula mattis eget.
Pellentesque sollicitudin consequat eros, ut mollis nunc tincidunt nec.
Pellentesque tempus nisl sed tincidunt varius.
Pellentesque tristique enim libero, quis imperdiet arcu commodo sed.
Pellentesque tristique vehicula sodales.
Pellentesque urna mi, consectetur sit amet dictum sit amet, finibus ac velit.
Pellentesque ut justo at erat cursus lobortis.
Pellentesque ut lacinia turpis.
Pellentesque ut viverra diam.
Pellentesque vitae interdum quam.
Pellentesque vitae scelerisque metus, ut interdum enim.
Pellentesque volutpat, libero in accumsan rhoncus, dui mauris tempor purus, et feugiat libero purus vitae mi.
Pellentesque vulputate luctus tortor, at gravida quam rutrum sit amet.
Phasellus a gravida ante.
Phasellus ac arcu urna.
Phasellus ac metus molestie, gravida metus ac, egestas odio.
Phasellus ac nulla ac neque gravida vestibulum.
Phasellus ac tempor sapien, quis vulputate quam.
Phasellus aliquam bibendum ipsum, suscipit dapibus nibh varius in.
Phasellus aliquet mi tincidunt libero ornare aliquam at nec est.
Phasellus ante mauris, tristique eget neque quis, luctus mattis felis.
Phasellus bibendum maximus suscipit.
Phasellus blandit ut odio in lacinia.
Phasellus consectetur libero lorem, ut imperdiet ipsum elementum sed.
Phasellus convallis nunc ut volutpat maximus.
Phasellus convallis porta pellentesque.
Phasellus cursus augue et accumsan molestie.
Phasellus cursus lobortis velit id dignissim.
Phasellus dapibus lacus finibus ante condimentum consequat.
Phasellus dictum viverra gravida.
Phasellus efficitur erat sed rhoncus dignissim.
Phasellus eget libero tempus, interdum nulla vitae, vehicula eros.
Phasellus eget mollis elit.
Phasellus elementum lacus et orci finibus, non tempor lacus consequat.
Phasellus elementum maximus nunc sed suscipit.
Phasellus eros magna, lobortis ut odio non, commodo tristique leo.
Phasellus et lobortis nunc, vel bibendum quam.
Phasellus euismod vitae felis eget euismod.
Phasellus fringilla purus id ligula commodo, non dapibus ex pulvinar.
Phasellus iaculis sagittis porttitor.
Phasellus id tortor diam.
Phasellus id urna iaculis leo lacinia placerat vitae nec odio.
Phasellus imperdiet id lacus ut pretium.
Phasellus in pretium nisi, pellentesque feugiat nisi.
Phasellus lacinia nisl velit, non dignissim nisl lacinia et.
Phasellus laoreet enim sit amet pretium hendrerit.
Phasellus laoreet, dolor non porta imperdiet, eros ante dignissim lorem, id congue turpis erat nec ligula.
Phasellus leo lacus, faucibus vel nisi quis, ultrices volutpat enim.
Phasellus luctus lectus non ex scelerisque, non lacinia lectus aliquam.
Phasellus nec est tortor.
Phasellus non libero in lectus porttitor ultricies.
Phasellus non scelerisque ipsum, vitae fringilla sapien.
Phasellus nunc metus, consequat dapibus sem non, porta tincidunt metus.
Phasellus porttitor, est ut dictum porta, diam metus blandit est, facilisis blandit justo lorem eu libero.
Phasellus posuere ornare aliquam.
Phasellus quam eros, finibus eget lorem quis, elementum dapibus leo.
Phasellus quis nulla consectetur enim pellentesque viverra gravida non diam.
Phasellus rhoncus turpis ut dui blandit, quis mattis urna laoreet.
Phasellus risus purus, consequat sed odio ut, vehicula interdum lectus.
Phasellus sagittis nibh gravida bibendum placerat.
Phasellus sed ligula ultricies, interdum arcu eget, sollicitudin elit.
Phasellus sit amet dolor tortor.
Phasellus sit amet elit non turpis finibus consectetur.
Phasellus sit amet fermentum nisl.
Phasellus sodales arcu sit amet ligula tincidunt, sed condimentum arcu dictum.
Phasellus tempor enim sed neque semper, eget tempus nulla bibendum.
Phasellus tempor pulvinar neque at malesuada.
Phasellus tincidunt posuere nunc, ac ornare ex maximus sit amet.
Phasellus tincidunt quam et convallis accumsan.
Phasellus ultricies tellus consectetur, commodo metus in, viverra ligula.
Phasellus varius tincidunt neque id posuere.
Phasellus venenatis pellentesque dui vitae accumsan.
Phasellus volutpat magna vitae nibh sodales, nec volutpat tellus tempus.
Praesent aliquam mi nunc, id viverra orci sagittis maximus.
Praesent arcu orci, pretium vitae aliquam ut, porttitor at mauris.
Praesent at ante non lectus lobortis consequat et quis nisi.
Praesent at dignissim leo.
Praesent at nunc vitae quam luctus porttitor ut eu enim.
Praesent bibendum mauris vitae ipsum ultricies, sed scelerisque purus tincidunt.
Praesent bibendum tincidunt enim ut pulvinar.
Praesent blandit tempor imperdiet.
Praesent condimentum lectus odio, a convallis nulla efficitur vel.
Praesent condimentum lectus placerat turpis porttitor mattis.
Praesent congue nisi id diam tristique maximus.
Praesent congue sem enim, a lobortis urna semper vel.
Praesent consectetur quam eu dapibus facilisis.
Praesent convallis est in justo porttitor, id posuere ex venenatis.
Praesent cursus tincidunt est et facilisis.
Praesent dapibus ante vitae nibh vulputate, ut ultricies diam blandit.
Praesent egestas sit amet elit nec rhoncus.
Praesent eget rutrum massa.
Praesent eget turpis odio.
Praesent eget varius arcu, at tempor lectus.
Praesent elementum aliquam urna, a dignissim sapien pretium ut.
Praesent elementum pellentesque dui non consectetur.
Praesent eu luctus tellus, non consectetur lectus.
Praesent facilisis ultricies pharetra.
Praesent fermentum, mi non auctor ultricies, augue nulla scelerisque ligula, vitae facilisis augue velit at massa.
Praesent feugiat aliquet tortor, quis rutrum massa posuere mollis.
Praesent id nunc dolor.
Praesent in dui id tortor semper placerat a ac sem.
Praesent in elementum sapien, at elementum arcu.
Praesent in massa fringilla, pharetra augue id, consequat neque.
Praesent in nisi ut nunc pharetra lacinia.
Praesent interdum a justo quis lobortis.
Praesent justo felis, ultricies a finibus at, tempor sit amet orci.
Praesent lectus lectus, mollis sed tellus vel, sollicitudin malesuada augue.
Praesent leo purus, hendrerit ut orci in, interdum lacinia metus.
Praesent lobortis mattis ligula vel rutrum.
Praesent luctus justo eu turpis commodo lacinia.
Praesent molestie elementum dictum.
Praesent mollis ornare lorem, quis tincidunt orci aliquet sit amet.
Praesent non gravida ipsum.
Praesent non hendrerit lectus, vel lobortis lacus.
Praesent porta quis augue non condimentum.
Praesent porta rutrum erat at tincidunt.
Praesent porttitor tincidunt turpis a pharetra.
Praesent porttitor, sem id posuere ullamcorper, nulla dui tempor tellus, non commodo ex eros pellentesque purus.
Praesent rhoncus eget orci eu egestas.
Praesent rutrum magna lorem, vitae pretium massa porttitor in.
Praesent scelerisque sem eget erat iaculis finibus.
Praesent sed nisl felis.
Praesent sed urna nisl.
Praesent tincidunt sem tellus, eget egestas purus imperdiet vel.
Praesent ullamcorper dictum eleifend.
Praesent ullamcorper dolor eros.
Praesent ultrices, erat sit amet interdum consequat, nunc urna ornare enim, vel hendrerit massa dolor eu ipsum.
Praesent ultricies leo vitae nisi vulputate semper.
Praesent ultricies velit at elit ornare suscipit.
Praesent vel purus quis leo viverra sagittis.
Praesent vitae tincidunt tellus, eu venenatis nisl.
Praesent vitae tincidunt tortor.
Praesent vitae volutpat turpis.
Praesent viverra in lacus vel fringilla.
Proin ac orci ac lorem mollis aliquet ac at orci.
Proin accumsan, lorem vel porta tempus, lectus neque placerat nunc, at consequat odio tellus sed diam.
Proin aliquet, ligula id lacinia porta, odio arcu fringilla purus, quis ornare libero eros vitae lectus.
Proin at dictum nunc, ac mollis lectus.
Proin at orci at nisi gravida dignissim quis facilisis ante.
Proin bibendum lorem et vehicula posuere.
Proin commodo sem eu felis accumsan ultrices.
Proin congue sed ante quis sagittis.
Proin consequat commodo gravida.
Proin dapibus imperdiet risus.
Proin dolor nisl, dictum ac aliquam ut, scelerisque nec massa.
Proin egestas mauris id vehicula hendrerit.
Proin eget massa vel enim pulvinar fermentum.
Proin eleifend rutrum tincidunt.
Proin elementum metus molestie aliquet eleifend.
Proin et felis sem.
Proin eu consequat sapien, ut hendrerit turpis.
Proin eu maximus ipsum.
Proin euismod sapien ac purus pellentesque consequat.
Proin felis odio, ultricies vel augue quis, commodo convallis nibh.
Proin feugiat vulputate ligula vel elementum.
Proin hendrerit posuere rhoncus.
Proin id risus a magna tempor varius.
Proin imperdiet, purus id imperdiet euismod, tortor nibh sollicitudin urna, eu blandit libero nunc vitae eros.
Proin laoreet est lectus, vitae convallis magna consectetur eu.
Proin lectus odio, lobortis sed rutrum tempus, suscipit sit amet ante.
Proin lobortis molestie leo, et luctus felis.
Proin mattis ipsum non eros pulvinar imperdiet.
Proin maximus congue metus, sed ullamcorper tortor elementum luctus.
Proin nec nisl auctor, elementum nisi sodales, porta metus.
Proin neque orci, fringilla sed sagittis at, lacinia ac sem.
Proin nibh justo, euismod in efficitur eu, sagittis sed diam.
Proin pharetra nisi vel nulla eleifend feugiat.
Proin pharetra tellus urna, sed congue nibh convallis a.
Proin porta id est at aliquet.
Proin posuere interdum odio, a posuere lorem dictum et.
Proin quis mi non magna fringilla convallis.
Proin quis nisi quam.
Proin rhoncus pretium nulla vitae eleifend.
Proin rhoncus suscipit dolor eu sagittis.
Proin sed dictum velit, ut vehicula libero.
Proin sit amet neque nec orci eleifend blandit vitae vel mauris.
Proin tempor tortor vel felis efficitur rutrum.
Proin tincidunt augue condimentum, bibendum massa non, dictum ante.
Proin tincidunt efficitur tortor id fermentum.
Proin tincidunt imperdiet quam eu viverra.
Proin tincidunt tincidunt diam, ac congue ante.
Proin vel metus at turpis pharetra consectetur.
Proin velit nulla, ultricies sed facilisis ut, convallis non neque.
Proin viverra vitae sem a efficitur.
Proin volutpat sem non feugiat volutpat.
Quisque a ante ac lorem egestas finibus.
Quisque a massa efficitur, tincidunt ex pharetra, feugiat dolor.
Quisque aliquam ligula varius accumsan blandit.
Quisque aliquet fringilla ullamcorper.
Quisque at leo finibus, faucibus eros quis, dictum nibh.
Quisque commodo sem bibendum risus consectetur dignissim.
Quisque condimentum vestibulum augue nec fringilla.
Quisque consequat, tortor placerat vehicula volutpat, nunc ligula facilisis mauris, quis volutpat ex nulla vitae velit.
Quisque cursus vehicula ante, non vulputate lorem pulvinar ac.
Quisque dapibus dignissim tellus.
Quisque dictum mi at velit dignissim dictum.
Quisque elit mi, tincidunt tincidunt ipsum a, molestie feugiat felis.
Quisque enim nisl, euismod ut commodo at, laoreet eget velit.
Quisque est purus, ullamcorper at neque sed, placerat vehicula ligula.
Quisque et eros quis sem bibendum ullamcorper.
Quisque eu laoreet metus.
Quisque ex nisi, eleifend a sodales placerat, mollis cursus mi.
Quisque gravida congue nibh, at fringilla felis aliquet a.
Quisque id massa ac erat bibendum varius.
Quisque in elit purus.
Quisque in neque metus.
Quisque in nibh a nisi placerat mattis.
Quisque in purus risus.
Quisque interdum porttitor augue at congue.
Quisque lacinia aliquam sodales.
Quisque leo nulla, venenatis at quam ultrices, egestas aliquam eros.
Quisque libero magna, tincidunt sit amet nulla sed, porttitor ultrices odio.
Quisque nec urna ipsum.
Quisque neque diam, consectetur sed consequat nec, tristique eget justo.
Quisque nisl ante, ornare eu neque sed, ornare fringilla libero.
Quisque non risus nec nisl mollis scelerisque.
Quisque pellentesque risus at tellus luctus malesuada.
Quisque pellentesque risus orci, eget pretium nisl laoreet ut.
Quisque pharetra, orci a laoreet aliquam, felis lacus commodo nisi, nec faucibus velit velit sit amet arcu.
Quisque placerat ornare ullamcorper.
Quisque quis risus at lorem lacinia porttitor.
Quisque quis tempor purus.
Quisque quis turpis nisl.
Quisque rhoncus arcu velit, eu dictum urna laoreet ac.
Quisque rhoncus leo a mi viverra tempor.
Quisque rhoncus ullamcorper justo, non maximus magna ullamcorper sit amet.
Quisque risus magna, suscipit id mauris et, congue pharetra lectus.
Quisque semper metus in ex lobortis, a placerat sem lacinia.
Quisque sit amet pretium metus, a pharetra nunc.
Quisque tincidunt egestas elit, eu volutpat dolor bibendum sollicitudin.
Quisque ullamcorper hendrerit arcu, eget lobortis dui.
Quisque ut ultrices orci.
Quisque vel metus bibendum, ullamcorper nisi eu, sodales quam.
Quisque vitae feugiat enim.
Quisque vitae rhoncus diam, et hendrerit dui.
Quisque viverra neque ac quam pulvinar auctor.
Sed accumsan dolor vitae purus ultrices mattis.
Sed accumsan iaculis velit, ac blandit ligula mattis sit amet.
Sed arcu ante, pulvinar at feugiat a, aliquam id urna.
Sed at bibendum leo.
Sed at eros maximus, pulvinar felis ut, cursus nunc.
Sed at rutrum metus.
Sed at tortor ultrices, pellentesque elit at, cursus urna.
Sed auctor finibus quam, sit amet tincidunt nibh interdum quis.
Sed augue sapien, pulvinar vitae felis at, sodales faucibus ex.
Sed blandit aliquet odio ut volutpat.
Sed consectetur mauris vel sem aliquam fringilla.
Sed convallis vitae mauris non consectetur.
Sed cursus elementum vehicula.
Sed cursus risus sed lectus vulputate, id semper est hendrerit.
Sed dapibus arcu purus, in placerat neque pharetra eget.
Sed dapibus enim a tellus pellentesque dignissim.
Sed dictum dolor et tincidunt lobortis.
Sed dolor orci, pellentesque vitae porta et, pulvinar sit amet nisi.
Sed egestas eros ornare, aliquet leo at, euismod tortor.
Sed egestas lectus at dolor gravida dignissim.
Sed egestas nisl eget congue hendrerit.
Sed eget tristique sem.
Sed eleifend mollis sem, sed sagittis augue malesuada eu.
Sed eleifend, turpis vel lobortis rutrum, est ex euismod metus, et volutpat massa diam vel nunc.
Sed elementum a nibh vitae auctor.
Sed elementum iaculis nisl, facilisis elementum risus viverra a.
Sed eros lectus, egestas in molestie et, pharetra non ante.
Sed et felis dolor.
Sed et hendrerit neque.
Sed et lectus maximus, egestas tellus ac, ultricies lectus.
Sed et luctus arcu.
Sed et luctus lectus, a efficitur lorem.
Sed eu ornare risus.
Sed euismod varius ante, nec suscipit urna dapibus at.
Sed ex dui, facilisis a magna vel, pulvinar lobortis neque.
Sed ex magna, rhoncus sit amet dolor ac, ultricies viverra lacus.
Sed ex odio, rhoncus eget ipsum quis, hendrerit semper enim.
Sed facilisis, lorem euismod pretium ultricies, nunc ligula venenatis nibh, ut dictum ligula sapien ac mi.
Sed fringilla egestas enim, ac congue purus semper nec.
Sed hendrerit dui ut pharetra sollicitudin.
Sed in metus congue mauris consequat convallis.
Sed in nisi suscipit, congue augue dictum, fringilla sem.
Sed in risus facilisis, lobortis diam vel, fermentum purus.
Sed justo odio, vestibulum sed augue vel, dignissim consectetur dui.
Sed laoreet sed nisl sit amet porta.
Sed leo diam, imperdiet tristique massa sit amet, viverra gravida sem.
Sed lobortis placerat ante eget placerat.
Sed luctus consequat est sed interdum.
Sed mattis eros justo, nec pretium nunc facilisis quis.
Sed mattis nibh odio, vel faucibus lorem interdum eu.
Sed maximus odio eros, non gravida eros rhoncus quis.
Sed molestie odio dolor, vel efficitur leo mollis rutrum.
Sed nibh eros, aliquam non cursus id, efficitur in dui.
Sed nisl lacus, tempor ut luctus quis, iaculis sit amet nisi.
Sed non bibendum ex, eget blandit diam.
Sed non eros eget sapien vestibulum fringilla.
Sed nulla lorem, porta sit amet tristique non, vestibulum eget nibh.
Sed nunc urna, consectetur eget ex at, aliquam tincidunt dolor.
Sed orci sapien, feugiat in risus quis, pellentesque feugiat est.
Sed orci velit, semper vel urna non, vestibulum volutpat massa.
Sed ornare, odio in consequat efficitur, lacus ipsum feugiat est, vel ornare turpis turpis quis nisi.
Sed pharetra nulla tortor, a pharetra enim vulputate non.
Sed placerat velit vel egestas tincidunt.
Sed porta ipsum eget hendrerit ultricies.
Sed porttitor venenatis dignissim.
Sed posuere hendrerit vulputate.
Sed posuere sit amet neque quis auctor.
Sed pulvinar nec lacus ut faucibus.
Sed pulvinar odio id tempor molestie.
Sed sapien risus, iaculis ut sagittis cursus, tincidunt et odio.
Sed scelerisque commodo leo vitae placerat.
Sed sed augue rhoncus, sollicitudin lorem nec, mollis lacus.
Sed sed efficitur mauris, quis ultricies ante.
Sed sed libero lorem.
Sed sed lorem non sem eleifend luctus non a justo.
Sed sed massa ante.
Sed sed ultricies enim.
Sed semper, nisl a dignissim ornare, augue mi scelerisque eros, at ornare ipsum tellus non urna.
Sed sit amet eros at augue semper condimentum.
Sed sit amet feugiat nisl, et fringilla purus.
Sed sit amet laoreet ante, a blandit justo.
Sed sodales, lorem sed ornare tristique, nunc nisi placerat mauris, in elementum metus eros et ante.
Sed tempor leo ut tortor fermentum, in efficitur felis molestie.
Sed tempus nec felis ultrices convallis.
Sed tempus purus sapien.
Sed tincidunt eleifend dolor, non bibendum nisi.
Sed tincidunt eleifend urna.
Sed tincidunt libero a iaculis gravida.
Sed tincidunt libero sem.
Sed tincidunt neque id dui volutpat elementum.
Sed tincidunt nisi justo, ut imperdiet libero posuere quis.
Sed tincidunt sapien sit amet diam sagittis venenatis.
Sed tristique augue erat, sed dapibus lectus vestibulum non.
Sed tristique nunc odio, sed porta arcu vulputate et.
Sed ultrices neque quis ligula imperdiet malesuada.
Sed ultrices, tellus vel lacinia vehicula, neque odio congue libero, sed consequat lorem sem in nisl.
Sed ut ipsum massa.
Sed ut nisl quis nisi fringilla rutrum vitae vitae felis.
Sed varius eu erat et interdum.
Sed varius ex vel turpis varius, sit amet consectetur diam ullamcorper.
Sed vel libero in libero mattis bibendum vitae at nulla.
Sed venenatis viverra ligula, vel malesuada libero.
Sed vitae egestas dui, id facilisis magna.
Sed vitae erat faucibus, feugiat urna non, sodales nibh.
Sed vitae iaculis risus.
Sed volutpat sagittis pharetra.
Suspendisse a ipsum augue.
Suspendisse a odio neque.
Suspendisse ac volutpat diam.
Suspendisse aliquam bibendum tortor, elementum luctus justo dictum vitae.
Suspendisse at nibh urna.
Suspendisse condimentum a nunc ac eleifend.
Suspendisse condimentum leo eros, vitae consectetur sapien ultrices ornare.
Suspendisse condimentum pharetra nisi in porta.
Suspendisse consequat risus et tincidunt consectetur.
Suspendisse convallis, elit ut finibus tempus, ipsum ipsum rutrum ligula, eu suscipit tellus nibh eget nunc.
Suspendisse cursus est nec tellus eleifend, vel bibendum risus egestas.
Suspendisse cursus libero a ullamcorper fermentum.
Suspendisse cursus, sapien at porttitor placerat, purus lectus blandit turpis, eget bibendum orci mi vitae velit.
Suspendisse eget volutpat quam.
Suspendisse elementum mauris volutpat, faucibus massa suscipit, gravida nibh.
Suspendisse et mauris elit.
Suspendisse et rutrum erat, eu egestas odio.
Suspendisse eu purus orci.
Suspendisse euismod, leo et molestie imperdiet, nisl erat ultricies odio, vel imperdiet massa dui a ligula.
Suspendisse facilisis quam lorem.
Suspendisse facilisis turpis lobortis velit molestie posuere.
Suspendisse felis diam, cursus eget facilisis in, tempor id neque.
Suspendisse fringilla lacus sed purus efficitur consequat.
Suspendisse gravida massa et nunc gravida elementum.
Suspendisse iaculis purus nec faucibus efficitur.
Suspendisse id turpis sit amet lacus posuere porta ac ac neque.
Suspendisse imperdiet gravida odio.
Suspendisse lacinia tempus turpis, interdum consectetur nulla tincidunt vel.
Suspendisse laoreet ut sapien vitae fringilla.
Suspendisse mollis consectetur mi, ut condimentum ipsum luctus nec.
Suspendisse nec auctor leo.
Suspendisse neque quam, pulvinar at scelerisque sed, ultricies a neque.
Suspendisse ornare tincidunt ullamcorper.
Suspendisse placerat elit eget massa sagittis, nec luctus neque lobortis.
Suspendisse porttitor ligula ac mauris vehicula, vel gravida nisi lacinia.
Suspendisse potenti.
Suspendisse pulvinar fermentum justo sit amet aliquam.
Suspendisse pulvinar, lacus eget tincidunt volutpat, sem erat sodales neque, ut posuere ante massa nec urna.
Suspendisse quis arcu leo.
Suspendisse sed eros libero.
Suspendisse sem libero, egestas eget dolor quis, volutpat efficitur nisi.
Suspendisse sit amet dictum orci.
Suspendisse sollicitudin massa et enim vestibulum fringilla.
Suspendisse tempus felis ac suscipit facilisis.
Suspendisse tincidunt consectetur turpis, ut pretium purus consequat ac.
Suspendisse tristique efficitur neque, vitae tincidunt risus efficitur sit amet.
Suspendisse tristique tellus a placerat rutrum.
Suspendisse turpis est, ultrices euismod congue eu, euismod eget dolor.
Suspendisse turpis leo, suscipit nec auctor at, ultrices non tellus.
Suspendisse ut dapibus dui, ac luctus nulla.
Suspendisse ut tellus at nisi condimentum pulvinar eget in risus.
Suspendisse varius facilisis elit et venenatis.
Suspendisse varius imperdiet nunc, vitae sagittis elit laoreet eu.
Suspendisse vel laoreet magna.
Suspendisse vel nunc dui.
Suspendisse vel vulputate arcu, eu suscipit augue.
Suspendisse velit nulla, blandit vel ultrices ac, feugiat vitae elit.
Suspendisse vitae eros nec leo egestas facilisis.
Suspendisse vitae lorem non felis aliquet fermentum.
Suspendisse vulputate consequat nunc sed finibus.
Ut a nibh purus.
Ut ac convallis enim.
Ut ac urna sit amet dolor vehicula vehicula.
Ut arcu est, euismod posuere mattis sollicitudin, eleifend non diam.
Ut at ultrices ex, vel tempus arcu.
Ut auctor urna mauris, a accumsan ante fringilla ut.
Ut augue felis, laoreet placerat nulla quis, ultricies mollis nulla.
Ut commodo commodo risus.
Ut consequat congue turpis, et elementum massa egestas eu.
Ut diam magna, efficitur eget euismod eget, porttitor in lectus.
Ut dolor purus, fringilla ac vestibulum quis, viverra eget tellus.
Ut eget volutpat mi.
Ut et aliquet diam.
Ut et dolor congue, molestie ex a, dapibus augue.
Ut et mauris ut est facilisis hendrerit.
Ut et tortor est.
Ut faucibus, nunc sed tempus scelerisque, ex leo interdum turpis, at vehicula neque lacus non velit.
Ut id felis quis enim dictum congue.
Ut in finibus dui.
Ut justo odio, mollis sit amet mi id, placerat posuere enim.
Ut lobortis lectus ac felis laoreet varius.
Ut lobortis nisi vitae orci condimentum faucibus.
Ut lobortis tortor non urna tristique commodo.
Ut non risus fermentum, ornare felis vel, rutrum lacus.
Ut non urna nibh.
Ut pellentesque, eros dignissim tristique congue, ante nunc posuere tortor, elementum vestibulum ligula ligula sit amet felis.
Ut placerat consectetur vulputate.
Ut porta tellus lectus, a fermentum lacus commodo et.
Ut porttitor velit in dolor condimentum iaculis.
Ut posuere nulla et dui ultrices mattis.
Ut sed ante id mi pulvinar bibendum vel ac elit.
Ut sed lacus ac nulla blandit ultricies in lacinia lectus.
Ut semper nulla vulputate neque vehicula imperdiet.
Ut sodales risus mauris, eu lacinia sapien convallis a.
Ut sollicitudin augue neque, nec consectetur neque dapibus vitae.
Ut sollicitudin neque vitae sodales molestie.
Ut suscipit a arcu id sollicitudin.
Ut ultricies eros ut elit imperdiet aliquet.
Ut ut aliquet diam.
Ut vel maximus enim.
Ut vestibulum purus lorem, non semper justo consequat vitae.
Ut volutpat egestas nulla.
Ut vulputate nisi et diam imperdiet, sit amet sagittis augue aliquet.
Vestibulum a iaculis purus.
Vestibulum a libero urna.
Vestibulum ac ultricies diam.
Vestibulum ante ipsum primis in faucibus orci luctus et ultrices posuere cubilia curae;
Vestibulum ante ipsum primis in faucibus orci luctus et ultrices posuere cubilia curae; Cras eget ex quis dui tristique ultricies in sit amet metus.
Vestibulum ante ipsum primis in faucibus orci luctus et ultrices posuere cubilia curae; Donec egestas mi nec urna vulputate convallis.
Vestibulum ante ipsum primis in faucibus orci luctus et ultrices posuere cubilia curae; Duis aliquam purus nec enim porta, a fermentum turpis bibendum.
Vestibulum ante ipsum primis in faucibus orci luctus et ultrices posuere cubilia curae; Duis suscipit, nisi sit amet consequat elementum, lacus mauris ultricies erat, vitae condimentum orci tellus in nunc.
Vestibulum ante ipsum primis in faucibus orci luctus et ultrices posuere cubilia curae; Integer ultricies bibendum elit, vel hendrerit urna mattis eu.
Vestibulum ante ipsum primis in faucibus orci luctus et ultrices posuere cubilia curae; Nam vehicula a felis a rutrum.
Vestibulum ante ipsum primis in faucibus orci luctus et ultrices posuere cubilia curae; Praesent scelerisque eu orci at interdum.
Vestibulum ante ipsum primis in faucibus orci luctus et ultrices posuere cubilia curae; Praesent vulputate tempor sapien, non rhoncus nunc tincidunt sit amet.
Vestibulum ante ipsum primis in faucibus orci luctus et ultrices posuere cubilia curae; Proin non nulla luctus, cursus elit sollicitudin, viverra mauris.
Vestibulum ante ipsum primis in faucibus orci luctus et ultrices posuere cubilia curae; Sed quis tortor ac ligula rhoncus congue eget ac purus.
Vestibulum ante ipsum primis in faucibus orci luctus et ultrices posuere cubilia curae; Vestibulum eu pretium nisl.
Vestibulum at nulla mollis erat vestibulum consequat rutrum pretium turpis.
Vestibulum at porttitor tellus.
Vestibulum augue purus, fringilla a turpis pharetra, vestibulum aliquet orci.
Vestibulum congue libero quis ultricies posuere.
Vestibulum consectetur pulvinar magna quis consectetur.
Vestibulum consectetur, lacus sed vehicula condimentum, nulla lorem bibendum nunc, id molestie elit tellus scelerisque mauris.
Vestibulum dictum sodales leo.
Vestibulum dignissim molestie commodo.
Vestibulum dolor enim, porttitor eu pharetra eu, pretium dictum mauris.
Vestibulum efficitur enim mi, quis vestibulum dui rutrum eget.
Vestibulum efficitur sollicitudin nibh, sed sollicitudin arcu dignissim eu.
Vestibulum efficitur tincidunt luctus.
Vestibulum egestas sed eros id faucibus.
Vestibulum eget mi vitae est faucibus lobortis ac eget sapien.
Vestibulum eget nisl accumsan, feugiat neque et, aliquam nisl.
Vestibulum enim justo, pretium quis dapibus et, blandit ultricies dui.
Vestibulum et condimentum magna, in lobortis dui.
Vestibulum et sem mi.
Vestibulum et vehicula magna.
Vestibulum eu sodales lacus, at venenatis eros.
Vestibulum ex ipsum, dictum nec maximus quis, luctus eget ipsum.
Vestibulum facilisis convallis dapibus.
Vestibulum faucibus egestas eros sit amet pharetra.
Vestibulum feugiat sagittis metus vehicula euismod.
Vestibulum fringilla porta ex a placerat.
Vestibulum in tellus lacus.
Vestibulum libero lorem, viverra at tortor at, auctor imperdiet felis.
Vestibulum ligula felis, finibus quis ligula vel, convallis gravida nunc.
Vestibulum lorem leo, elementum suscipit velit non, varius interdum erat.
Vestibulum luctus aliquet ipsum vitae pharetra.
Vestibulum luctus magna ut vestibulum semper.
Vestibulum magna dui, auctor vitae elementum eget, elementum molestie erat.
Vestibulum maximus velit eu nibh iaculis eleifend.
Vestibulum molestie dui dui, at eleifend ligula scelerisque non.
Vestibulum mollis sapien augue, sit amet bibendum est accumsan vitae.
Vestibulum non sagittis eros.
Vestibulum non varius metus.
Vestibulum non vulputate ligula, vel egestas enim.
Vestibulum ornare augue tempus, faucibus ante vitae, aliquet felis.
Vestibulum pharetra nisl id ipsum blandit luctus eu ut lorem.
Vestibulum pretium leo sit amet eros egestas, id fermentum tortor ullamcorper.
Vestibulum pulvinar massa elit.
Vestibulum rhoncus leo quis est semper, ut vehicula ligula mollis.
Vestibulum rhoncus lobortis purus a eleifend.
Vestibulum semper sodales sem, non efficitur mi maximus eu.
Vestibulum sit amet fringilla magna.
Vestibulum sodales pellentesque ante, placerat egestas risus euismod in.
Vestibulum sollicitudin blandit dui.
Vestibulum sollicitudin massa eget blandit posuere.
Vestibulum tempor dui vel accumsan tempor.
Vestibulum tempus, risus scelerisque efficitur mollis, elit ligula posuere neque, nec ullamcorper orci nibh vel risus.
Vestibulum tincidunt ac purus a venenatis.
Vestibulum vel eros scelerisque, rhoncus ex ut, euismod ante.
Vestibulum vel magna bibendum, vehicula felis in, tincidunt nisl.
Vestibulum venenatis tellus nec malesuada bibendum.
Vestibulum vestibulum lacinia ex et lobortis.
Vestibulum vitae rutrum magna.
Vestibulum volutpat porta commodo.
Vivamus a diam fringilla eros posuere dictum at non nunc.
Vivamus a pharetra diam.
Vivamus a tortor ac lectus condimentum feugiat.
Vivamus ac velit eu elit iaculis ullamcorper.
Vivamus accumsan efficitur ullamcorper.
Vivamus aliquet purus bibendum felis venenatis iaculis.
Vivamus augue risus, aliquam sed rhoncus sed, venenatis nec nunc.
Vivamus bibendum eget nisl vel maximus.
Vivamus commodo rhoncus blandit.
Vivamus consectetur suscipit aliquet.
Vivamus consequat nisl dolor, nec finibus lectus dictum vel.
Vivamus cursus blandit faucibus.
Vivamus dapibus ex ac arcu pretium, ut porta arcu vulputate.
Vivamus dictum vel nisi eget euismod.
Vivamus dolor lacus, eleifend non quam efficitur, aliquet pulvinar lectus.
Vivamus eget lacinia nibh.
Vivamus eget risus imperdiet, iaculis diam in, commodo massa.
Vivamus et nunc id nisi bibendum aliquet.
Vivamus ex sapien, sollicitudin in ante sed, ullamcorper accumsan risus.
Vivamus facilisis imperdiet tellus, id blandit erat suscipit vel.
Vivamus facilisis velit non porttitor viverra.
Vivamus fringilla finibus arcu non placerat.
Vivamus gravida vel enim semper sagittis.
Vivamus id erat at lectus posuere lacinia.
Vivamus id neque pretium, sollicitudin velit ac, molestie nulla.
Vivamus id sem orci.
Vivamus id tempus turpis.
Vivamus in feugiat est.
Vivamus in mollis ante, et tempor orci.
Vivamus lobortis est in neque eleifend, lobortis feugiat sem rutrum.
Vivamus luctus lobortis nunc, ut lacinia erat sollicitudin ut.
Vivamus luctus sapien vestibulum neque scelerisque, id tincidunt libero fermentum.
Vivamus magna purus, feugiat vel congue ac, ullamcorper id tortor.
Vivamus maximus condimentum nisi, a fringilla urna euismod id.
Vivamus molestie justo vel odio porttitor gravida.
Vivamus mollis lorem tincidunt eleifend tristique.
Vivamus nec lobortis risus.
Vivamus nisi eros, tincidunt ac erat quis, vehicula tincidunt nulla.
Vivamus nisi tortor, bibendum sed tellus ut, placerat faucibus felis.
Vivamus pulvinar auctor velit non porta.
Vivamus rutrum lorem vitae elit mollis posuere.
Vivamus sapien sapien, scelerisque ut ultricies at, suscipit id dolor.
Vivamus sed nisl lacus.
Vivamus sit amet augue nec tortor tincidunt elementum nec id augue.
Vivamus sit amet nibh vitae tortor convallis sollicitudin ut et lorem.
Vivamus tellus sem, pharetra sed elit ut, mollis bibendum ante.
Vivamus tempus tempus sem, eu rhoncus leo.
Vivamus tincidunt neque eget pharetra faucibus.
Vivamus ullamcorper luctus nulla, a vulputate eros vestibulum id.
Vivamus urna massa, egestas at aliquam et, lobortis vel libero.
Vivamus ut feugiat enim, eu imperdiet lorem.
Vivamus ut justo viverra enim pharetra pharetra eget sit amet ligula.
Vivamus ut lorem volutpat, tempor metus id, iaculis ligula.
Vivamus ut tortor felis.
Vivamus varius luctus laoreet.
Vivamus vestibulum, urna et consequat bibendum, libero augue interdum nunc, mattis fermentum felis ligula non urna.
Vivamus vitae ante eget urna pellentesque scelerisque eget consequat erat.
Vivamus vitae feugiat neque, eu hendrerit justo.
Vivamus vitae urna vel ex viverra pretium.
Vivamus volutpat risus et felis eleifend porta.
