Aenean a diam aliquam, hendrerit nulla eget, porta nunc.
Aenean ac auctor magna.
Aenean aliquam metus enim, non euismod elit gravida vitae.
Aenean at lectus tempus arcu lobortis tempus.
Aenean blandit pretium tempus.
Aenean efficitur sollicitudin efficitur.
Aenean egestas rhoncus arcu, vitae porta nulla aliquet non.
Aenean eget lacinia massa.
Aenean elementum turpis nisi, vel ultrices nulla pretium aliquet.
Aenean elementum, libero eu pellentesque imperdiet, risus quam mollis diam, at porttitor lorem leo eu massa.
Aenean eu efficitur velit.
Aenean euismod eget dui sed convallis.
Aenean feugiat erat a molestie dignissim.
Aenean id leo in dolor fringilla pretium vitae viverra neque.
Aenean in velit enim.
Aenean interdum, odio a euismod condimentum, quam nibh varius quam, id fermentum dui lorem quis orci.
Aenean molestie aliquam nulla egestas commodo.
Aenean non arcu id eros laoreet rutrum.
Aenean porttitor malesuada augue eu dictum.
Aenean quam risus, placerat porta pharetra ac, iaculis vel ante.
Aenean quis molestie mauris.
Aenean sed erat velit.
Aenean sed ipsum quis arcu ornare venenatis.
Aenean sed rhoncus turpis, eu interdum leo.
Aenean sem erat, laoreet nec tristique id, bibendum eu lacus.
Aenean tempor volutpat orci.
Aenean ultrices pulvinar ex, et maximus ex.
Aenean ut lectus elit.
Aenean venenatis euismod congue.
Aliquam ac congue lectus.
Aliquam arcu leo, malesuada ac libero sed, suscipit imperdiet metus.
Aliquam congue ligula at ultrices iaculis.
Aliquam diam diam, molestie eu leo nec, vestibulum hendrerit neque.
Aliquam egestas, risus at lobortis semper, ligula tellus suscipit nulla, a varius nulla leo et nulla.
Aliquam eget eros sit amet lectus malesuada dapibus.
Aliquam eleifend dolor feugiat massa dignissim, eget rutrum orci mattis.
Aliquam enim urna, luctus in porttitor a, tempor non tortor.
Aliquam erat volutpat.
Aliquam ex sapien, suscipit quis turpis in, blandit sodales tellus.
Aliquam fermentum lectus ante, ut iaculis massa semper sed.
Aliquam finibus, ipsum eu faucibus placerat, ante mauris placerat velit, in gravida nulla velit vitae ligula.
Aliquam hendrerit sodales risus at efficitur.
Aliquam molestie commodo consequat.
Aliquam pharetra mi vel quam tempor laoreet.
Aliquam pulvinar convallis vehicula.
Aliquam quis ipsum tortor.
Aliquam risus risus, dapibus eu nibh tempus, dictum auctor sapien.
Aliquam rutrum nibh vestibulum sollicitudin sollicitudin.
Aliquam tincidunt, dui id dictum convallis, mauris arcu molestie felis, non porta est libero eget purus.
Aliquam ullamcorper sed justo a porta.
Aliquam vel elit et nibh pretium bibendum et ac risus.
Aliquam vel lacus pretium, rhoncus augue nec, iaculis magna.
Aliquam venenatis efficitur odio, at condimentum velit dapibus in.
Class aptent taciti sociosqu ad litora torquent per conubia nostra, per inceptos himenaeos.
Cras ac mauris vel lorem scelerisque maximus.
Cras at odio sit amet mauris efficitur laoreet eu vel dui.
Cras commodo, leo id viverra volutpat, purus ante aliquam orci, ut fermentum justo felis a leo.
Cras consequat et nunc non pulvinar.
Cras convallis convallis sem in viverra.
Cras et arcu sapien.
Cras euismod laoreet magna.
Cras feugiat dapibus varius.
Cras hendrerit eleifend mi tincidunt iaculis.
Cras iaculis dolor in massa suscipit tristique.
Cras in nunc ut erat congue tristique non eu metus.
Cras interdum augue sed purus pharetra, eget porta dui imperdiet.
Cras interdum fermentum metus vel interdum.
Cras lacinia a nisl ac tincidunt.
Cras laoreet eros cursus metus lacinia, eu vestibulum nulla tincidunt.
Cras laoreet nisi nulla, nec volutpat ex porttitor id.
Cras lobortis laoreet augue at feugiat.
Cras magna enim, faucibus sit amet enim sit amet, luctus tincidunt ipsum.
Cras metus urna, laoreet blandit tellus a, ultricies scelerisque dui.
Cras nec faucibus ligula.
Cras placerat nunc dapibus velit auctor pharetra quis in nisi.
Cras placerat venenatis risus vitae maximus.
Cras posuere aliquet nisl, eu tempor ex semper eu.
Cras pulvinar ligula tortor, ut lobortis odio convallis ut.
Cras scelerisque lectus eu leo volutpat malesuada.
Cras semper ultricies purus, vitae finibus tellus euismod eu.
Cras tempor, velit porttitor commodo congue, leo nisl lobortis eros, nec posuere risus mi id mauris.
Cras tempus ac ipsum ac iaculis.
Cras ullamcorper, turpis ut feugiat porttitor, elit diam vestibulum ipsum, pellentesque blandit tellus lacus sed lacus.
Cras ut nulla turpis.
Cras vel risus id felis elementum egestas dignissim eu justo.
Cras vulputate eu ex rhoncus ullamcorper.
Cras vulputate viverra lobortis.
Cras vulputate, tortor quis porttitor vestibulum, sem augue accumsan urna, non sagittis nisl est ac massa.
Curabitur at nunc luctus, molestie diam in, sollicitudin sapien.
Curabitur condimentum, nulla eget sollicitudin egestas, leo odio pellentesque tellus, nec tincidunt enim dui vel nisl.
Curabitur congue odio eu viverra placerat.
Curabitur congue, purus vel feugiat dapibus, libero lacus varius diam, sit amet imperdiet nunc quam at dui.
Curabitur eget massa ut ante lobortis tincidunt.
Curabitur enim eros, efficitur et facilisis laoreet, malesuada sollicitudin dolor.
Curabitur erat est, aliquam ut sagittis ac, blandit sit amet nisl.
Curabitur et ultrices nisl.
Curabitur eu dui ut mi laoreet euismod.
Curabitur eu mauris lectus.
Curabitur eu tristique augue, in venenatis elit.
Curabitur euismod, ex eu posuere tempus, est purus elementum dui, hendrerit consequat magna eros vel diam.
Curabitur faucibus ipsum a auctor luctus.
Curabitur fermentum ex non pellentesque maximus.
Curabitur fermentum lacinia nisi, quis cursus ipsum dignissim et.
Curabitur finibus augue at ullamcorper sollicitudin.
Curabitur gravida ac leo non convallis.
Curabitur id convallis ipsum.
Curabitur imperdiet ultrices molestie.
Curabitur malesuada eros eget sem efficitur suscipit.
Curabitur molestie tellus vel volutpat consequat.
Curabitur non cursus nulla.
Curabitur nunc libero, mollis ac tincidunt sed, varius nec dolor.
Curabitur porttitor aliquam sapien, eget condimentum ipsum dapibus eu.
Curabitur quis lorem imperdiet, iaculis dui vel, efficitur nisl.
Curabitur rutrum tortor in nisi laoreet bibendum.
Curabitur sed felis quis neque pretium dictum vitae sed nisl.
Curabitur sollicitudin ut nibh non accumsan.
Curabitur tellus ligula, convallis sit amet accumsan vel, lacinia at urna.
Curabitur tempor eros a lorem ultrices, sed vulputate velit maximus.
Curabitur tincidunt aliquam ex in vulputate.
Curabitur tincidunt sem nec lacus laoreet, non malesuada eros dapibus.
Curabitur tincidunt velit ac libero efficitur accumsan.
Curabitur ullamcorper nisi convallis neque sodales suscipit.
Curabitur vel odio feugiat, aliquet nibh eget, auctor tortor.
Curabitur vestibulum nibh ut est facilisis tempor.
Curabitur vestibulum pharetra commodo.
Donec accumsan arcu id tempor suscipit.
Donec aliquam consequat commodo.
Donec aliquam nibh eget dolor malesuada, vitae convallis eros porta.
Donec at lectus et eros gravida rutrum.
Donec at tincidunt nisi.
Donec at tincidunt velit, vitae porta velit.
Donec auctor commodo dictum.
Donec congue sagittis interdum.
Donec consequat mi ornare, lobortis turpis tempus, rutrum ante.
Donec dapibus volutpat lobortis.
Donec efficitur dolor non mauris blandit, ut varius massa faucibus.
Donec egestas elit eget ex scelerisque faucibus.
Donec eget tellus et lorem luctus rhoncus sed eget augue.
Donec et feugiat quam, vitae imperdiet libero.
Donec eu iaculis lacus.
Donec eu viverra nulla.
Donec euismod consectetur lectus vitae maximus.
Donec euismod pharetra lectus, et posuere libero vehicula nec.
Donec faucibus, orci non porta pellentesque, urna est pharetra est, nec viverra leo lectus ut eros.
Donec iaculis nunc ac neque mattis, in commodo orci maximus.
Donec iaculis, justo id tincidunt posuere, dolor dolor sollicitudin elit, nec sagittis nunc nisl nec enim.
Donec id sagittis risus.
Donec imperdiet vel felis nec cursus.
Donec imperdiet, eros ac rutrum viverra, tortor massa tempor sem, sit amet blandit ipsum ipsum eu dolor.
Donec mauris magna, efficitur sollicitudin consequat ut, varius commodo nibh.
Donec molestie, eros ut vehicula tempus, libero nulla tincidunt nulla, quis convallis purus quam sed nisl.
Donec mollis pellentesque leo.
Donec nec lacus malesuada, interdum ante ac, malesuada lacus.
Donec nec nulla tortor.
Donec nec placerat odio, condimentum tempus elit.
Donec nec ultricies dui.
Donec nisl dolor, ullamcorper quis urna non, mollis tincidunt dolor.
Donec non dignissim massa.
Donec non sapien id elit mattis ultricies.
Donec ornare molestie leo, vel convallis ligula vestibulum ac.
Donec ornare pellentesque pulvinar.
Donec placerat odio odio, quis molestie metus vestibulum ut.
Donec placerat rutrum ipsum, eget maximus mi semper non.
Donec porta ac nisl at mattis.
Donec posuere lacus vel sodales tempor.
Donec pretium, neque nec ornare elementum, justo ante ullamcorper sapien, id aliquet sapien nisi et nisl.
Donec pretium, urna nec imperdiet tincidunt, felis magna auctor nisl, in mattis lectus erat in sapien.
Donec quam orci, pharetra id elit vitae, lacinia pulvinar nunc.
Donec quis ex felis.
Donec quis lorem diam.
Donec quis sollicitudin augue, at sollicitudin mauris.
Donec quis tincidunt risus, ut suscipit nunc.
Donec rhoncus elit id erat rutrum, sit amet varius nisl facilisis.
Donec rhoncus sem in nisl eleifend gravida.
Donec risus risus, hendrerit nec semper ac, interdum lacinia lacus.
Donec rutrum nunc a tortor pulvinar faucibus.
Donec sagittis a justo id rutrum.
Donec sagittis sollicitudin pharetra.
Donec sed libero consectetur, condimentum lorem vel, pharetra sem.
Donec semper ornare urna, vel malesuada magna congue ut.
Donec sit amet cursus justo, sit amet fringilla purus.
Donec sodales tincidunt diam vel posuere.
Donec sodales urna ac turpis rutrum efficitur.
Donec suscipit magna enim, ac vulputate libero dignissim at.
Donec tincidunt eros nec quam interdum feugiat.
Donec ullamcorper elit vitae porttitor laoreet.
Donec varius sagittis nisi.
Donec varius tristique odio, vitae sodales massa.
Donec vel luctus augue.
Donec venenatis volutpat elit non lobortis.
Donec viverra tellus leo, at ullamcorper justo ornare id.
Donec volutpat lectus ex, ut dapibus augue vehicula eu.
Donec vulputate feugiat nisi a sodales.
Donec vulputate ornare convallis.
Duis a tempor purus.
Duis accumsan rutrum ornare.
Duis accumsan tortor tortor, eget tristique purus fringilla ut.
Duis accumsan ultricies risus ut bibendum.
Duis augue nisl, vehicula quis enim ut, pharetra auctor magna.
Duis commodo diam in finibus maximus.
Duis consectetur nulla risus, at rhoncus lorem sodales eget.
Duis cursus rutrum elit, in finibus orci auctor a.
Duis eget accumsan turpis.
Duis eget nisi tempus, sodales magna non, tempor libero.
Duis euismod arcu nec tellus bibendum maximus.
Duis euismod orci nec dui volutpat, ut interdum lorem iaculis.
Duis finibus nunc et ex porta dictum.
Duis gravida mattis purus, luctus vestibulum dolor ultricies in.
Duis iaculis cursus ipsum.
Duis id auctor ante.
Duis id enim id augue pretium aliquam.
Duis imperdiet iaculis leo nec convallis.
Duis in rutrum metus.
Duis lacus diam, semper eu nulla luctus, viverra dapibus metus.
Duis nibh massa, eleifend eget erat non, vestibulum rhoncus nisl.
Duis nisl nunc, elementum et tincidunt eu, mollis nec leo.
Duis non placerat massa.
Duis nulla neque, interdum ut tortor eu, laoreet elementum nisl.
Duis pellentesque urna sed magna luctus, non auctor nibh dapibus.
Duis pulvinar dui nulla, vitae elementum purus rhoncus euismod.
Duis quis lectus sed orci fermentum dictum eget at justo.
Duis sit amet bibendum dolor, vitae luctus eros.
Duis sit amet est quis nibh ullamcorper ornare.
Duis tempus eros non dignissim malesuada.
Duis tempus mauris diam, id bibendum orci iaculis vel.
Duis tincidunt sodales placerat.
Duis turpis mi, convallis vitae magna nec, finibus tincidunt nulla.
Duis ullamcorper dictum tortor.
Duis ultrices libero mauris, dapibus malesuada eros imperdiet quis.
Duis ut vulputate dolor, eget iaculis neque.
Duis varius dui sit amet fermentum venenatis.
Duis vel pharetra mi.
Duis venenatis arcu vel lectus ullamcorper rhoncus.
Duis vitae dui ac dui imperdiet pharetra.
Duis viverra orci sed mi fermentum cursus.
Duis viverra rhoncus dolor, nec condimentum ante blandit at.
Etiam a lectus nec erat convallis egestas.
Etiam a tortor ornare, finibus justo nec, tempus felis.
Etiam ac volutpat turpis, sit amet pretium nunc.
Etiam bibendum elit eu massa aliquam finibus.
Etiam bibendum, est ut malesuada gravida, leo nisl molestie nulla, sed gravida lacus lorem et lectus.
Etiam consequat augue nibh, sit amet efficitur velit efficitur molestie.
Etiam consequat purus nisi, in lobortis ex volutpat sit amet.
Etiam dapibus libero at purus molestie, vel commodo eros aliquam.
Etiam dapibus nunc nec orci fringilla, ac lacinia purus egestas.
Etiam egestas ante eget felis venenatis sollicitudin eu ut tortor.
Etiam egestas metus nunc.
Etiam elementum odio sed odio rhoncus pretium fermentum eget diam.
Etiam eu blandit nunc, eget euismod massa.
Etiam eu justo quis metus maximus faucibus congue vel ligula.
Etiam euismod massa non dolor pretium aliquam sit amet non lectus.
Etiam facilisis nisl risus, a finibus erat egestas vel.
Etiam fermentum urna mauris, ultricies faucibus orci sodales eu.
Etiam gravida eros et nisl auctor porta.
Etiam id elementum dui, ut fringilla leo.
Etiam id vestibulum urna.
Etiam lacinia ornare sem, eu interdum ipsum pulvinar a.
Etiam massa orci, vulputate eu laoreet sit amet, cursus et lorem.
Etiam maximus mauris lorem, non tristique erat luctus vel.
Etiam mi sapien, lacinia vitae nulla quis, pellentesque ornare est.
Etiam neque risus, vestibulum eu dignissim eget, aliquet a lectus.
Etiam porttitor nibh eu lacinia scelerisque.
Etiam posuere odio sit amet eros mattis eleifend.
Etiam sapien odio, varius eget lacinia non, elementum non arcu.
Etiam sed venenatis quam, a varius lectus.
Etiam sit amet nunc ac arcu hendrerit egestas.
Etiam sit amet venenatis augue, at aliquet mauris.
Etiam tellus tortor, gravida at sapien pulvinar, scelerisque accumsan enim.
Etiam tincidunt enim vitae mauris pulvinar, in tempus augue porta.
Etiam turpis elit, volutpat sit amet mi sit amet, ornare suscipit ligula.
Etiam ultrices justo nec nisi vestibulum, eu lacinia diam aliquet.
Etiam ultricies tortor ac lorem sagittis rutrum.
Etiam vel dolor a justo consectetur venenatis.
Etiam vel enim at augue fringilla vehicula a id risus.
Etiam vel pellentesque leo.
Etiam vitae rutrum tortor.
Etiam vitae velit id erat tincidunt iaculis nec sit amet turpis.
Etiam viverra ante sapien, et congue elit dignissim a.
Fusce ac facilisis lorem.
Fusce ac massa gravida, viverra neque eu, rhoncus augue.
Fusce ante tortor, tincidunt quis tincidunt eu, maximus vel tortor.
Fusce arcu odio, posuere et consectetur eu, vestibulum nec justo.
Fusce at porta lacus.
Fusce auctor, sem eu elementum varius, sem mauris lacinia neque, sed euismod lectus augue a magna.
Fusce congue urna ligula, id semper justo blandit at.
Fusce consequat finibus purus quis semper.
Fusce consequat porta rhoncus.
Fusce dictum rhoncus interdum.
Fusce eget elit sapien.
Fusce eget tellus rutrum, convallis risus id, consequat magna.
Fusce elementum diam a sem vehicula cursus.
Fusce erat ligula, egestas eu tincidunt id, placerat ut elit.
Fusce erat nunc, imperdiet vitae sollicitudin at, convallis id nunc.
Fusce ex urna, laoreet eget cursus a, venenatis sit amet dolor.
Fusce finibus, mi at maximus mollis, arcu eros congue augue, ac feugiat est erat sit amet mi.
Fusce fringilla arcu eget iaculis vestibulum.
Fusce id dui gravida, tincidunt magna eget, venenatis elit.
Fusce in erat augue.
Fusce maximus lacus urna, et vulputate arcu scelerisque a.
Fusce maximus porttitor hendrerit.
Fusce maximus vestibulum mi vitae eleifend.
Fusce mollis bibendum mi, ac posuere justo gravida et.
Fusce nec fringilla sem.
Fusce nec pulvinar purus, in mattis quam.
Fusce nec sem eget lacus fermentum blandit ut eget ante.
Fusce nisi leo, semper at orci sit amet, hendrerit posuere odio.
Fusce non erat in arcu pulvinar semper.
Fusce ornare non lorem quis rutrum.
Fusce pellentesque enim mi, nec iaculis nibh volutpat at.
Fusce pretium, magna a auctor faucibus, leo risus porttitor neque, et tristique erat magna a mi.
Fusce sit amet nulla luctus, sollicitudin tortor quis, dapibus mi.
Fusce sodales a velit et tincidunt.
Fusce tempus eget nisl ac congue.
Fusce ullamcorper pharetra diam, vitae dictum turpis tempor ac.
Fusce ultricies congue gravida.
Fusce velit sapien, consequat eget ante eu, volutpat tristique lorem.
Fusce venenatis magna enim, in aliquam dui sagittis placerat.
In ac bibendum purus.
In aliquam lorem quis ipsum luctus, quis commodo ex mollis.
In at neque nisl.
In egestas dapibus augue, ut lacinia augue facilisis vitae.
In eget ex placerat, tempus nisi vitae, ornare eros.
In elementum, ligula ac auctor mollis, nisl enim porttitor sem, non placerat tortor neque sed neque.
In et augue porta purus luctus sagittis.
In et erat ut leo egestas aliquam sit amet quis ante.
In et posuere arcu, sit amet lacinia leo.
In euismod condimentum efficitur.
In facilisis vehicula nisl id suscipit.
In faucibus augue felis, quis cursus nulla feugiat in.
In fermentum, justo varius placerat posuere, lorem massa laoreet nisl, eu tincidunt neque erat eget sem.
In finibus pulvinar nunc at tristique.
In fringilla gravida arcu sit amet laoreet.
In gravida quam nec elit pretium, semper dapibus metus hendrerit.
In hac habitasse platea dictumst.
In iaculis tempus justo in varius.
In id blandit nisi, ut laoreet mauris.
In id efficitur felis.
In id mi velit.
In in nunc quis mi dignissim feugiat sed id erat.
In interdum eros sed justo lacinia, et ullamcorper sapien consectetur.
In mauris justo, cursus ac mauris vel, gravida convallis neque.
In nisi mauris, hendrerit nec accumsan et, luctus at ante.
In nunc erat, ullamcorper eget tincidunt vitae, porta sit amet ipsum.
In porttitor, libero volutpat interdum vehicula, erat nisl eleifend ipsum, et varius metus erat id turpis.
In pulvinar efficitur lorem eu fringilla.
In sed ante massa.
In sem enim, laoreet scelerisque ligula sit amet, pulvinar hendrerit dui.
In sit amet congue elit.
In tempor nunc neque, sit amet ultrices velit iaculis consequat.
In tincidunt luctus augue.
In ultrices et nisi nec feugiat.
In vel felis mauris.
In vitae luctus risus.
In volutpat tortor libero.
In vulputate tellus mi, ut vehicula neque vestibulum in.
Integer at dapibus nisi.
Integer at dui tristique, ullamcorper nisl ac, efficitur augue.
Integer condimentum, ex finibus dictum tempor, lacus turpis suscipit nulla, at ornare arcu nisi nec ligula.
Integer congue sollicitudin nisl, at consequat nunc elementum viverra.
Integer consectetur, purus eu consequat ultrices, ligula nisl commodo augue, a euismod erat sem vitae urna.
Integer dignissim dolor sit amet justo condimentum suscipit.
Integer efficitur ornare placerat.
Integer et eleifend mauris.
Integer et felis vel erat viverra aliquam.
Integer et tortor tristique dolor bibendum finibus.
Integer eu consectetur tellus.
Integer hendrerit turpis ante, non viverra sapien volutpat quis.
Integer id ex arcu.
Integer in nibh lorem.
Integer interdum, enim nec dapibus auctor, ex nibh cursus nisi, sit amet volutpat tortor leo sit amet dolor.
Integer maximus interdum iaculis.
Integer mollis magna quis risus commodo mollis.
Integer neque sapien, rutrum faucibus pulvinar a, mollis et justo.
Integer non orci felis.
Integer pellentesque sit amet nisi nec dapibus.
Integer quis augue vitae quam tempus auctor a aliquam tellus.
Integer quis dapibus ex.
Integer quis posuere tortor.
Integer sagittis est at mollis egestas.
Integer scelerisque eros eu dui faucibus, id scelerisque libero volutpat.
Integer scelerisque feugiat auctor.
Integer sed enim ut diam ornare consequat non a massa.
Integer sed felis faucibus, vehicula purus ac, iaculis sem.
Integer sed ultricies tellus, at feugiat nulla.
Integer semper at purus ac sollicitudin.
Integer semper diam a iaculis lobortis.
Integer sit amet augue sit amet purus scelerisque pharetra.
Integer tincidunt ipsum ac enim tempus ornare.
Integer ullamcorper dolor orci, id hendrerit tortor posuere sit amet.
Integer ullamcorper, neque id placerat varius, tellus urna consequat ipsum, eget consequat augue mauris vitae velit.
Integer velit est, fringilla volutpat convallis id, cursus in erat.
Integer vitae fringilla libero, id viverra ipsum.
Integer vitae quam in neque bibendum scelerisque.
Interdum et malesuada fames ac ante ipsum primis in faucibus.
Lorem ipsum dolor sit amet, consectetur adipiscing elit.
Maecenas accumsan libero nunc, id tincidunt lectus euismod sed.
Maecenas blandit feugiat lorem, eget tincidunt lacus scelerisque quis.
Maecenas consequat, metus consequat ultrices suscipit, velit tortor lobortis massa, eu suscipit nisi libero id velit.
Maecenas cursus eros risus, vel molestie leo rhoncus non.
Maecenas dapibus condimentum venenatis.
Maecenas dapibus mollis finibus.
Maecenas dictum ornare ipsum, euismod elementum felis condimentum ac.
Maecenas eget nisi ligula.
Maecenas eleifend bibendum tortor vitae dignissim.
Maecenas elementum risus ut libero tristique, sit amet pharetra tellus efficitur.
Maecenas faucibus accumsan massa, ac tincidunt sapien volutpat nec.
Maecenas iaculis libero sit amet mi finibus, vel blandit dolor placerat.
Maecenas id consequat urna.
Maecenas id efficitur neque.
Maecenas imperdiet venenatis elit, in fringilla orci iaculis nec.
Maecenas laoreet elementum magna ut aliquet.
Maecenas molestie risus eu lacus vestibulum, quis mollis massa efficitur.
Maecenas nisl erat, maximus quis nisi lobortis, sodales viverra sapien.
Maecenas ornare rutrum tellus, quis pharetra ex pharetra sed.
Maecenas pellentesque ligula eu lorem maximus, id pretium tortor tempus.
Maecenas posuere massa nec nibh ultrices, ac interdum tellus interdum.
Maecenas quis commodo urna, semper porta mi.
Maecenas quis quam in orci commodo euismod.
Maecenas semper dictum convallis.
Maecenas sit amet tortor nec mi fermentum ornare.
Maecenas sodales maximus ante, non interdum nibh iaculis quis.
Maecenas sollicitudin luctus vulputate.
Maecenas tempor nibh ut nibh vestibulum accumsan.
Maecenas tempus imperdiet enim et vulputate.
Maecenas tincidunt velit et diam hendrerit, ac consectetur ex dapibus.
Maecenas vitae risus risus.
Maecenas volutpat gravida nibh a lobortis.
Mauris ante odio, rhoncus ac fermentum id, elementum at quam.
Mauris arcu magna, sollicitudin at magna ut, egestas gravida lacus.
Mauris at aliquet dolor.
Mauris bibendum posuere ligula, at venenatis nulla imperdiet fringilla.
Mauris convallis pharetra urna, sit amet rutrum dolor luctus sit amet.
Mauris diam nisi, dictum in elit a, varius viverra neque.
Mauris dignissim finibus eros, sit amet tristique tellus convallis hendrerit.
Mauris eget accumsan metus.
Mauris eleifend vestibulum mollis.
Mauris et urna eget sem sollicitudin laoreet.
Mauris euismod commodo mi in maximus.
Mauris fermentum mi eget odio laoreet, a ornare nulla molestie.
Mauris gravida risus at odio pulvinar, at facilisis est ornare.
Mauris gravida, magna vitae ullamcorper iaculis, enim mauris interdum libero, at aliquet nisi magna in nisl.
Mauris ipsum massa, consectetur id imperdiet ut, porta id dolor.
Mauris lacinia blandit massa eu bibendum.
Mauris lacus lorem, condimentum in elit a, accumsan ultricies lorem.
Mauris lectus metus, sollicitudin sit amet eros ut, maximus dignissim turpis.
Mauris libero risus, iaculis eget est sit amet, dictum consequat velit.
Mauris lobortis turpis eu augue bibendum dictum.
Mauris non aliquam turpis, et bibendum libero.
Mauris non felis ullamcorper, rutrum nulla et, gravida tortor.
Mauris non tristique ipsum, a blandit erat.
Mauris quis nulla id diam venenatis malesuada sed id ex.
Mauris sed condimentum tellus.
Mauris tempor est elit, sit amet iaculis enim consectetur nec.
Mauris tempus sed lectus tempus dapibus.
Mauris turpis libero, tempus vel dui mattis, imperdiet lacinia elit.
Mauris ultrices porta quam, at vulputate orci rutrum in.
Mauris urna lacus, consectetur non lacinia ut, bibendum in ipsum.
Mauris ut ipsum ipsum.
Mauris vitae ullamcorper lectus.
Morbi ac lacus sit amet ligula interdum laoreet.
Morbi accumsan eu leo at maximus.
Morbi at cursus leo.
Morbi at ipsum at mauris elementum fringilla eu tempor magna.
Morbi condimentum, felis at ullamcorper mattis, arcu nunc efficitur dui, at maximus diam dui sit amet purus.
Morbi consectetur finibus ex a cursus.
Morbi consectetur massa porttitor, sollicitudin velit ut, bibendum nisi.
Morbi cursus odio in urna imperdiet imperdiet.
Morbi dictum nulla vitae est tincidunt, accumsan scelerisque dui viverra.
Morbi eget euismod quam, at placerat purus.
Morbi est mi, faucibus non nulla ut, facilisis aliquet neque.
Morbi euismod mollis condimentum.
Morbi euismod nibh sed ligula aliquet, ac hendrerit enim condimentum.
Morbi facilisis, ex in ullamcorper iaculis, orci felis auctor nibh, at sagittis mi lorem tempus erat.
Morbi metus neque, efficitur sed mauris ac, vestibulum venenatis dolor.
Morbi nisl nibh, bibendum in vehicula a, porta eu sem.
Morbi nisl tortor, condimentum vitae dapibus eu, tristique vitae libero.
Morbi non nisi quis felis porttitor viverra sit amet a nulla.
Morbi non tellus imperdiet massa suscipit egestas.
Morbi ornare vulputate lectus, nec malesuada leo commodo sed.
Morbi rhoncus vitae dui eget aliquet.
Morbi sagittis pretium mauris, eget placerat nisi posuere ac.
Morbi sit amet hendrerit augue.
Morbi sit amet risus mi.
Morbi tellus ipsum, rhoncus vel auctor eget, fermentum id lorem.
Morbi tempor placerat aliquam.
Morbi tempus, lectus quis porta facilisis, purus nisl molestie mi, sed tempus turpis mauris sed ex.
Morbi venenatis diam id nibh viverra cursus.
Morbi vitae odio pharetra, hendrerit lectus non, cursus ipsum.
Nam a dapibus ipsum.
Nam at accumsan risus.
Nam bibendum turpis at eros maximus, condimentum porta arcu porta.
Nam blandit magna vitae est eleifend congue.
Nam commodo nisi id purus faucibus rhoncus.
Nam condimentum varius velit.
Nam convallis id metus in vulputate.
Nam cursus et velit vitae venenatis.
Nam egestas sapien eu tellus pharetra iaculis.
Nam erat augue, elementum sed tortor non, dignissim interdum orci.
Nam erat nisl, semper in scelerisque sed, dignissim id nisi.
Nam est orci, viverra congue sollicitudin nec, fermentum a urna.
Nam et vulputate dolor.
Nam eu dictum erat, nec fringilla felis.
Nam eu erat risus.
Nam faucibus orci sed odio accumsan interdum.
Nam faucibus placerat sollicitudin.
Nam iaculis augue eget metus interdum ullamcorper.
Nam id gravida est, eget dictum massa.
Nam id magna ultricies, congue ex vitae, consectetur ex.
Nam in nulla sit amet erat scelerisque lobortis.
Nam laoreet mattis nisi, at mollis eros pulvinar quis.
Nam maximus diam mollis turpis pretium, in feugiat mi molestie.
Nam maximus sed risus sit amet mattis.
Nam molestie, ligula eu blandit molestie, nibh purus laoreet elit, in cursus justo mauris eu ex.
Nam mollis odio feugiat ante mollis, nec venenatis sapien vehicula.
Nam nec commodo turpis.
Nam non finibus orci.
Nam non pellentesque massa, sit amet placerat nunc.
Nam odio purus, iaculis sed tortor et, tincidunt aliquet massa.
Nam pellentesque mi velit, sed dapibus lectus dignissim eget.
Nam quis dolor finibus augue blandit malesuada a vel nibh.
Nam rutrum scelerisque lorem.
Nam ut pellentesque magna.
Nam ut sapien magna.
Nam vel ante sed leo faucibus sollicitudin.
Nam vestibulum pretium tellus id interdum.
Nam vitae ante felis.
Nam vitae dictum nibh, ut ornare massa.
Nulla a elit dui.
Nulla a sapien in tellus scelerisque posuere at eget tellus.
Nulla at diam ex.
Nulla auctor mauris quis finibus sodales.
Nulla blandit enim nec libero volutpat gravida.
Nulla blandit erat diam, in dapibus arcu cursus sit amet.
Nulla blandit interdum posuere.
Nulla commodo nibh cursus suscipit tempor.
Nulla commodo odio risus.
Nulla dolor felis, iaculis vitae orci ut, molestie lobortis leo.
Nulla eget congue massa, sit amet cursus massa.
Nulla eget enim vehicula, commodo metus eget, aliquet dolor.
Nulla elementum arcu iaculis metus tincidunt mattis.
Nulla elit augue, rutrum at erat id, pretium ornare lacus.
Nulla eu aliquet ligula.
Nulla eu magna porta, elementum nisi eu, porta orci.
Nulla eu nunc varius, iaculis tortor quis, faucibus nisi.
Nulla facilisi.
Nulla felis dui, lobortis non imperdiet eget, iaculis euismod urna.
Nulla fringilla dapibus faucibus.
Nulla in pharetra mauris, quis varius velit.
Nulla interdum nibh nec justo molestie, in fermentum libero egestas.
Nulla libero est, sodales nec sodales eget, lacinia vel felis.
Nulla mattis tellus eu purus tristique iaculis.
Nulla nec lectus et enim interdum efficitur a non arcu.
Nulla nec urna aliquet, euismod mauris et, varius tellus.
Nulla non arcu ante.
Nulla nulla enim, aliquam non justo eu, volutpat cursus lectus.
Nulla odio orci, facilisis vel quam vel, scelerisque tempor ex.
Nulla pellentesque vehicula urna.
Nulla placerat est id lobortis vehicula.
Nulla pulvinar porttitor erat nec pellentesque.
Nulla quis felis fringilla lorem blandit dictum.
Nulla quis nisl laoreet, gravida nisl non, mollis dolor.
Nulla tempor mi sit amet nisi interdum, eu varius lectus fringilla.
Nulla ultrices ultricies sapien ac tincidunt.
Nulla vehicula congue leo, a ornare arcu venenatis vitae.
Nulla vehicula eget nisl at sollicitudin.
Nulla vel ex vel quam condimentum sollicitudin.
Nulla vitae ex bibendum, ullamcorper nunc vel, bibendum mauris.
Nulla vulputate, purus congue molestie sodales, arcu massa ullamcorper mauris, id pharetra felis nulla at enim.
Nullam accumsan, ante sed lacinia congue, ipsum massa posuere elit, nec pharetra tortor sem eu nisi.
Nullam aliquam auctor turpis, in lacinia tellus pharetra sed.
Nullam blandit convallis ipsum, nec maximus felis aliquam nec.
Nullam blandit sed erat ac egestas.
Nullam consectetur mattis velit et tincidunt.
Nullam et neque molestie, fermentum justo pretium, pharetra quam.
Nullam eu consectetur neque.
Nullam eu ipsum eu elit egestas maximus.
Nullam eu tellus vel tortor placerat ultricies.
Nullam gravida quis nisl quis consequat.
Nullam gravida, nunc eget congue accumsan, elit risus volutpat lacus, eu consectetur dui nisi in quam.
Nullam in facilisis erat, ac tempor elit.
Nullam laoreet porta nunc.
Nullam lectus turpis, suscipit at neque ut, condimentum posuere ante.
Nullam mattis viverra libero, et laoreet ipsum hendrerit dictum.
Nullam nec ex dui.
Nullam nec posuere nibh.
Nullam quis condimentum ipsum.
Nullam quis euismod ligula.
Nullam quis pretium eros.
Nullam sodales, lorem vitae convallis fermentum, dolor nisl mattis sem, id rutrum arcu metus eu turpis.
Nullam tristique mauris sollicitudin, posuere nibh ac, scelerisque metus.
Nullam ut lacus arcu.
Nullam vel mi hendrerit, imperdiet velit luctus, rutrum orci.
Nullam vestibulum tincidunt mauris, vel semper quam imperdiet quis.
Nullam volutpat auctor libero et imperdiet.
Nullam vulputate odio nec justo pellentesque, et vulputate lorem porttitor.
Nunc aliquam scelerisque magna.
Nunc at erat sit amet enim rhoncus suscipit.
Nunc auctor elit metus, a aliquet diam pellentesque nec.
Nunc congue orci nunc, non molestie nisi porttitor ut.
Nunc convallis congue mauris.
Nunc convallis tincidunt viverra.
Nunc dignissim mauris nec mauris tempor, a hendrerit quam tincidunt.
Nunc efficitur ultricies ligula, in posuere felis eleifend sit amet.
Nunc est nulla, imperdiet a ligula et, sodales tempor ante.
Nunc eu luctus felis.
Nunc eu neque tempus, congue massa et, suscipit tortor.
Nunc eu tempus nisl.
Nunc ex nibh, gravida eu efficitur finibus, pharetra et nunc.
Nunc faucibus, ligula sed facilisis vulputate, ipsum nibh ullamcorper risus, vel gravida tellus purus vitae nunc.
Nunc fermentum aliquam malesuada.
Nunc feugiat fringilla magna, lobortis sagittis purus suscipit non.
Nunc gravida, leo vel tincidunt cursus, metus massa auctor magna, ut scelerisque ex diam mollis neque.
Nunc hendrerit feugiat suscipit.
Nunc in elit ultricies, eleifend tortor et, pulvinar turpis.
Nunc laoreet faucibus odio.
Nunc lobortis, justo sed mattis imperdiet, quam augue ultrices arcu, ac dictum sem purus non nulla.
Nunc mattis magna id iaculis imperdiet.
Nunc mattis mi nec neque tempor aliquam.
Nunc mollis nibh quis blandit ullamcorper.
Nunc non nulla non urna suscipit convallis in non risus.
Nunc pellentesque sit amet ex vel tempus.
Nunc porta ex nec ante pharetra tincidunt.
Nunc rutrum maximus metus.
Nunc sagittis urna ut ante tempus lobortis.
Nunc suscipit nisi quis tellus pulvinar vulputate.
Nunc tristique sapien sit amet ipsum lacinia sodales.
Nunc ullamcorper ullamcorper elit, viverra scelerisque purus tempor a.
Nunc ut ullamcorper ipsum, eget luctus nisi.
Nunc vel bibendum tortor, a luctus sem.
Nunc vitae dignissim odio.
Nunc vitae pharetra nulla.
Nunc viverra est orci, vitae congue tellus semper et.
Orci varius natoque penatibus et magnis dis parturient montes, nascetur ridiculus mus.
Pellentesque a libero porttitor, porta nunc a, dictum neque.
Pellentesque ac eros finibus, iaculis turpis et, bibendum neque.
Pellentesque ac libero at lorem porta laoreet id finibus purus.
Pellentesque ante turpis, cursus in lacus in, lobortis ullamcorper diam.
Pellentesque at fermentum nibh.
Pellentesque at mi erat.
Pellentesque augue arcu, eleifend non hendrerit ut, tristique quis ipsum.
Pellentesque blandit nec magna in scelerisque.
Pellentesque blandit nec sem at maximus.
Pellentesque dolor nunc, placerat vel mattis ut, luctus at ipsum.
Pellentesque dui diam, malesuada in tincidunt mollis, tincidunt a nisl.
Pellentesque erat libero, faucibus vitae enim eget, bibendum sodales odio.
Pellentesque est velit, fringilla sed venenatis in, ornare scelerisque metus.
Pellentesque fringilla faucibus nibh nec bibendum.
Pellentesque habitant morbi tristique senectus et netus et malesuada fames ac turpis egestas.
Pellentesque iaculis at dui at tristique.
Pellentesque id libero sed ex egestas efficitur.
Pellentesque id tristique urna.
Pellentesque lobortis placerat erat et condimentum.
Pellentesque malesuada mattis urna a condimentum.
Pellentesque nec tincidunt augue, at maximus justo.
Pellentesque nec varius nisl, a tempus sapien.
Pellentesque non elementum leo.
Pellentesque pharetra, mauris eu aliquam suscipit, eros diam commodo purus, sed congue ante nulla sed tortor.
Pellentesque sollicitudin consequat eros, ut mollis nunc tincidunt nec.
Pellentesque tristique enim libero, quis imperdiet arcu commodo sed.
Pellentesque tristique vehicula sodales.
Pellentesque ut justo at erat cursus lobortis.
Pellentesque ut viverra diam.
Pellentesque vitae scelerisque metus, ut interdum enim.
Phasellus a gravida ante.
Phasellus ac metus molestie, gravida metus ac, egestas odio.
Phasellus aliquam bibendum ipsum, suscipit dapibus nibh varius in.
Phasellus aliquet mi tincidunt libero ornare aliquam at nec est.
Phasellus ante mauris, tristique eget neque quis, luctus mattis felis.
Phasellus blandit ut odio in lacinia.
Phasellus convallis nunc ut volutpat maximus.
Phasellus dapibus lacus finibus ante condimentum consequat.
Phasellus dictum viverra gravida.
Phasellus elementum lacus et orci finibus, non tempor lacus consequat.
Phasellus eros magna, lobortis ut odio non, commodo tristique leo.
Phasellus euismod vitae felis eget euismod.
Phasellus id tortor diam.
Phasellus id urna iaculis leo lacinia placerat vitae nec odio.
Phasellus imperdiet id lacus ut pretium.
Phasellus laoreet enim sit amet pretium hendrerit.
Phasellus laoreet, dolor non porta imperdiet, eros ante dignissim lorem, id congue turpis erat nec ligula.
Phasellus leo lacus, faucibus vel nisi quis, ultrices volutpat enim.
Phasellus luctus lectus non ex scelerisque, non lacinia lectus aliquam.
Phasellus nec est tortor.
Phasellus non scelerisque ipsum, vitae fringilla sapien.
Phasellus nunc metus, consequat dapibus sem non, porta tincidunt metus.
Phasellus porttitor, est ut dictum porta, diam metus blandit est, facilisis blandit justo lorem eu libero.
Phasellus quam eros, finibus eget lorem quis, elementum dapibus leo.
Phasellus quis nulla consectetur enim pellentesque viverra gravida non diam.
Phasellus risus purus, consequat sed odio ut, vehicula interdum lectus.
Phasellus sagittis nibh gravida bibendum placerat.
Phasellus sed ligula ultricies, interdum arcu eget, sollicitudin elit.
Phasellus sit amet dolor tortor.
Phasellus sit amet fermentum nisl.
Phasellus sodales arcu sit amet ligula tincidunt, sed condimentum arcu dictum.
Phasellus tempor pulvinar neque at malesuada.
Phasellus tincidunt quam et convallis accumsan.
Phasellus ultricies tellus consectetur, commodo metus in, viverra ligula.
Phasellus venenatis pellentesque dui vitae accumsan.
Praesent at ante non lectus lobortis consequat et quis nisi.
Praesent at dignissim leo.
Praesent bibendum mauris vitae ipsum ultricies, sed scelerisque purus tincidunt.
Praesent bibendum tincidunt enim ut pulvinar.
Praesent condimentum lectus odio, a convallis nulla efficitur vel.
Praesent condimentum lectus placerat turpis porttitor mattis.
Praesent congue nisi id diam tristique maximus.
Praesent congue sem enim, a lobortis urna semper vel.
Praesent consectetur quam eu dapibus facilisis.
Praesent convallis est in justo porttitor, id posuere ex venenatis.
Praesent dapibus ante vitae nibh vulputate, ut ultricies diam blandit.
Praesent egestas sit amet elit nec rhoncus.
Praesent eget varius arcu, at tempor lectus.
Praesent elementum aliquam urna, a dignissim sapien pretium ut.
Praesent eu luctus tellus, non consectetur lectus.
Praesent facilisis ultricies pharetra.
Praesent fermentum, mi non auctor ultricies, augue nulla scelerisque ligula, vitae facilisis augue velit at massa.
Praesent feugiat aliquet tortor, quis rutrum massa posuere mollis.
Praesent id nunc dolor.
Praesent in dui id tortor semper placerat a ac sem.
Praesent in massa fringilla, pharetra augue id, consequat neque.
Praesent leo purus, hendrerit ut orci in, interdum lacinia metus.
Praesent luctus justo eu turpis commodo lacinia.
Praesent molestie elementum dictum.
Praesent mollis ornare lorem, quis tincidunt orci aliquet sit amet.
Praesent non hendrerit lectus, vel lobortis lacus.
Praesent scelerisque sem eget erat iaculis finibus.
Praesent sed nisl felis.
Praesent ullamcorper dictum eleifend.
Praesent ultricies leo vitae nisi vulputate semper.
Praesent vitae tincidunt tellus, eu venenatis nisl.
Praesent vitae tincidunt tortor.
Praesent vitae volutpat turpis.
Praesent viverra in lacus vel fringilla.
Proin ac orci ac lorem mollis aliquet ac at orci.
Proin accumsan, lorem vel porta tempus, lectus neque placerat nunc, at consequat odio tellus sed diam.
Proin aliquet, ligula id lacinia porta, odio arcu fringilla purus, quis ornare libero eros vitae lectus.
Proin at orci at nisi gravida dignissim quis facilisis ante.
Proin congue sed ante quis sagittis.
Proin consequat commodo gravida.
Proin elementum metus molestie aliquet eleifend.
Proin et felis sem.
Proin hendrerit posuere rhoncus.
Proin lectus odio, lobortis sed rutrum tempus, suscipit sit amet ante.
Proin maximus congue metus, sed ullamcorper tortor elementum luctus.
Proin neque orci, fringilla sed sagittis at, lacinia ac sem.
Proin posuere interdum odio, a posuere lorem dictum et.
Proin quis mi non magna fringilla convallis.
Proin rhoncus pretium nulla vitae eleifend.
Proin sed dictum velit, ut vehicula libero.
Proin tempor tortor vel felis efficitur rutrum.
Proin tincidunt efficitur tortor id fermentum.
Proin tincidunt imperdiet quam eu viverra.
Proin tincidunt tincidunt diam, ac congue ante.
Proin velit nulla, ultricies sed facilisis ut, convallis non neque.
Proin viverra vitae sem a efficitur.
Quisque a massa efficitur, tincidunt ex pharetra, feugiat dolor.
Quisque aliquam ligula varius accumsan blandit.
Quisque aliquet fringilla ullamcorper.
Quisque commodo sem bibendum risus consectetur dignissim.
Quisque consequat, tortor placerat vehicula volutpat, nunc ligula facilisis mauris, quis volutpat ex nulla vitae velit.
Quisque cursus vehicula ante, non vulputate lorem pulvinar ac.
Quisque dictum mi at velit dignissim dictum.
Quisque elit mi, tincidunt tincidunt ipsum a, molestie feugiat felis.
Quisque enim nisl, euismod ut commodo at, laoreet eget velit.
Quisque est purus, ullamcorper at neque sed, placerat vehicula ligula.
Quisque et eros quis sem bibendum ullamcorper.
Quisque ex nisi, eleifend a sodales placerat, mollis cursus mi.
Quisque gravida congue nibh, at fringilla felis aliquet a.
Quisque id massa ac erat bibendum varius.
Quisque in nibh a nisi placerat mattis.
Quisque in purus risus.
Quisque interdum porttitor augue at congue.
Quisque libero magna, tincidunt sit amet nulla sed, porttitor ultrices odio.
Quisque neque diam, consectetur sed consequat nec, tristique eget justo.
Quisque non risus nec nisl mollis scelerisque.
Quisque pellentesque risus at tellus luctus malesuada.
Quisque pharetra, orci a laoreet aliquam, felis lacus commodo nisi, nec faucibus velit velit sit amet arcu.
Quisque rhoncus arcu velit, eu dictum urna laoreet ac.
Quisque rhoncus leo a mi viverra tempor.
Quisque risus magna, suscipit id mauris et, congue pharetra lectus.
Quisque semper metus in ex lobortis, a placerat sem lacinia.
Quisque sit amet pretium metus, a pharetra nunc.
Quisque tincidunt egestas elit, eu volutpat dolor bibendum sollicitudin.
Quisque ut ultrices orci.
Quisque vitae feugiat enim.
Quisque viverra neque ac quam pulvinar auctor.
Sed accumsan dolor vitae purus ultrices mattis.
Sed at bibendum leo.
Sed at eros maximus, pulvinar felis ut, cursus nunc.
Sed auctor finibus quam, sit amet tincidunt nibh interdum quis.
Sed augue sapien, pulvinar vitae felis at, sodales faucibus ex.
Sed consectetur mauris vel sem aliquam fringilla.
Sed cursus elementum vehicula.
Sed dapibus enim a tellus pellentesque dignissim.
Sed dictum dolor et tincidunt lobortis.
Sed egestas eros ornare, aliquet leo at, euismod tortor.
Sed egestas nisl eget congue hendrerit.
Sed eget tristique sem.
Sed eleifend mollis sem, sed sagittis augue malesuada eu.
Sed eleifend, turpis vel lobortis rutrum, est ex euismod metus, et volutpat massa diam vel nunc.
Sed elementum iaculis nisl, facilisis elementum risus viverra a.
Sed et felis dolor.
Sed et hendrerit neque.
Sed et lectus maximus, egestas tellus ac, ultricies lectus.
Sed et luctus lectus, a efficitur lorem.
Sed ex magna, rhoncus sit amet dolor ac, ultricies viverra lacus.
Sed ex odio, rhoncus eget ipsum quis, hendrerit semper enim.
Sed in risus facilisis, lobortis diam vel, fermentum purus.
Sed leo diam, imperdiet tristique massa sit amet, viverra gravida sem.
Sed luctus consequat est sed interdum.
Sed mattis eros justo, nec pretium nunc facilisis quis.
Sed non eros eget sapien vestibulum fringilla.
Sed orci velit, semper vel urna non, vestibulum volutpat massa.
Sed ornare, odio in consequat efficitur, lacus ipsum feugiat est, vel ornare turpis turpis quis nisi.
Sed pharetra nulla tortor, a pharetra enim vulputate non.
Sed porta ipsum eget hendrerit ultricies.
Sed posuere hendrerit vulputate.
Sed pulvinar nec lacus ut faucibus.
Sed pulvinar odio id tempor molestie.
Sed sapien risus, iaculis ut sagittis cursus, tincidunt et odio.
Sed scelerisque commodo leo vitae placerat.
Sed sed augue rhoncus, sollicitudin lorem nec, mollis lacus.
Sed sed libero lorem.
Sed sed lorem non sem eleifend luctus non a justo.
Sed sit amet eros at augue semper condimentum.
Sed sit amet laoreet ante, a blandit justo.
Sed sodales, lorem sed ornare tristique, nunc nisi placerat mauris, in elementum metus eros et ante.
Sed tempor leo ut tortor fermentum, in efficitur felis molestie.
Sed tempus nec felis ultrices convallis.
Sed tempus purus sapien.
Sed tincidunt eleifend dolor, non bibendum nisi.
Sed tincidunt eleifend urna.
Sed tincidunt libero sem.
Sed tincidunt nisi justo, ut imperdiet libero posuere quis.
Sed tincidunt sapien sit amet diam sagittis venenatis.
Sed tristique nunc odio, sed porta arcu vulputate et.
Sed ultrices neque quis ligula imperdiet malesuada.
Sed ultrices, tellus vel lacinia vehicula, neque odio congue libero, sed consequat lorem sem in nisl.
Sed ut nisl quis nisi fringilla rutrum vitae vitae felis.
Sed varius eu erat et interdum.
Sed vel libero in libero mattis bibendum vitae at nulla.
Sed vitae erat faucibus, feugiat urna non, sodales nibh.
Suspendisse a odio neque.
Suspendisse aliquam bibendum tortor, elementum luctus justo dictum vitae.
Suspendisse condimentum leo eros, vitae consectetur sapien ultrices ornare.
Suspendisse condimentum pharetra nisi in porta.
Suspendisse convallis, elit ut finibus tempus, ipsum ipsum rutrum ligula, eu suscipit tellus nibh eget nunc.
Suspendisse cursus est nec tellus eleifend, vel bibendum risus egestas.
Suspendisse cursus libero a ullamcorper fermentum.
Suspendisse elementum mauris volutpat, faucibus massa suscipit, gravida nibh.
Suspendisse et rutrum erat, eu egestas odio.
Suspendisse euismod, leo et molestie imperdiet, nisl erat ultricies odio, vel imperdiet massa dui a ligula.
Suspendisse facilisis quam lorem.
Suspendisse felis diam, cursus eget facilisis in, tempor id neque.
Suspendisse fringilla lacus sed purus efficitur consequat.
Suspendisse iaculis purus nec faucibus efficitur.
Suspendisse nec auctor leo.
Suspendisse neque quam, pulvinar at scelerisque sed, ultricies a neque.
Suspendisse placerat elit eget massa sagittis, nec luctus neque lobortis.
Suspendisse potenti.
Suspendisse pulvinar, lacus eget tincidunt volutpat, sem erat sodales neque, ut posuere ante massa nec urna.
Suspendisse sed eros libero.
Suspendisse sollicitudin massa et enim vestibulum fringilla.
Suspendisse tempus felis ac suscipit facilisis.
Suspendisse tincidunt consectetur turpis, ut pretium purus consequat ac.
Suspendisse turpis est, ultrices euismod congue eu, euismod eget dolor.
Suspendisse turpis leo, suscipit nec auctor at, ultrices non tellus.
Suspendisse ut dapibus dui, ac luctus nulla.
Suspendisse varius facilisis elit et venenatis.
Suspendisse varius imperdiet nunc, vitae sagittis elit laoreet eu.
Suspendisse vitae eros nec leo egestas facilisis.
Ut a nibh purus.
Ut commodo commodo risus.
Ut dolor purus, fringilla ac vestibulum quis, viverra eget tellus.
Ut eget volutpat mi.
Ut et aliquet diam.
Ut et dolor congue, molestie ex a, dapibus augue.
Ut et tortor est.
Ut faucibus, nunc sed tempus scelerisque, ex leo interdum turpis, at vehicula neque lacus non velit.
Ut id felis quis enim dictum congue.
Ut in finibus dui.
Ut lobortis tortor non urna tristique commodo.
Ut non risus fermentum, ornare felis vel, rutrum lacus.
Ut non urna nibh.
Ut placerat consectetur vulputate.
Ut porta tellus lectus, a fermentum lacus commodo et.
Ut posuere nulla et dui ultrices mattis.
Ut sodales risus mauris, eu lacinia sapien convallis a.
Ut sollicitudin augue neque, nec consectetur neque dapibus vitae.
Ut sollicitudin neque vitae sodales molestie.
Ut ultricies eros ut elit imperdiet aliquet.
Ut ut aliquet diam.
Ut vel maximus enim.
Ut vulputate nisi et diam imperdiet, sit amet sagittis augue aliquet.
Vestibulum a iaculis purus.
Vestibulum a libero urna.
Vestibulum ac ultricies diam.
Vestibulum ante ipsum primis in faucibus orci luctus et ultrices posuere cubilia curae;
Vestibulum ante ipsum primis in faucibus orci luctus et ultrices posuere cubilia curae; Cras eget ex quis dui tristique ultricies in sit amet metus.
Vestibulum ante ipsum primis in faucibus orci luctus et ultrices posuere cubilia curae; Donec egestas mi nec urna vulputate convallis.
Vestibulum ante ipsum primis in faucibus orci luctus et ultrices posuere cubilia curae; Nam vehicula a felis a rutrum.
Vestibulum ante ipsum primis in faucibus orci luctus et ultrices posuere cubilia curae; Praesent scelerisque eu orci at interdum.
Vestibulum ante ipsum primis in faucibus orci luctus et ultrices posuere cubilia curae; Praesent vulputate tempor sapien, non rhoncus nunc tincidunt sit amet.
Vestibulum ante ipsum primis in faucibus orci luctus et ultrices posuere cubilia curae; Vestibulum eu pretium nisl.
Vestibulum at nulla mollis erat vestibulum consequat rutrum pretium turpis.
Vestibulum at porttitor tellus.
Vestibulum augue purus, fringilla a turpis pharetra, vestibulum aliquet orci.
Vestibulum consectetur, lacus sed vehicula condimentum, nulla lorem bibendum nunc, id molestie elit tellus scelerisque mauris.
Vestibulum dictum sodales leo.
Vestibulum dignissim molestie commodo.
Vestibulum efficitur sollicitudin nibh, sed sollicitudin arcu dignissim eu.
Vestibulum efficitur tincidunt luctus.
Vestibulum eget mi vitae est faucibus lobortis ac eget sapien.
Vestibulum enim justo, pretium quis dapibus et, blandit ultricies dui.
Vestibulum et condimentum magna, in lobortis dui.
Vestibulum et sem mi.
Vestibulum eu sodales lacus, at venenatis eros.
Vestibulum ex ipsum, dictum nec maximus quis, luctus eget ipsum.
Vestibulum facilisis convallis dapibus.
Vestibulum feugiat sagittis metus vehicula euismod.
Vestibulum in tellus lacus.
Vestibulum ligula felis, finibus quis ligula vel, convallis gravida nunc.
Vestibulum lorem leo, elementum suscipit velit non, varius interdum erat.
Vestibulum luctus magna ut vestibulum semper.
Vestibulum non sagittis eros.
Vestibulum non varius metus.
Vestibulum non vulputate ligula, vel egestas enim.
Vestibulum pulvinar massa elit.
Vestibulum semper sodales sem, non efficitur mi maximus eu.
Vestibulum sollicitudin blandit dui.
Vestibulum tempor dui vel accumsan tempor.
Vestibulum tempus, risus scelerisque efficitur mollis, elit ligula posuere neque, nec ullamcorper orci nibh vel risus.
Vestibulum venenatis tellus nec malesuada bibendum.
Vestibulum vitae rutrum magna.
Vestibulum volutpat porta commodo.
Vivamus a tortor ac lectus condimentum feugiat.
Vivamus aliquet purus bibendum felis venenatis iaculis.
Vivamus consectetur suscipit aliquet.
Vivamus consequat nisl dolor, nec finibus lectus dictum vel.
Vivamus eget lacinia nibh.
Vivamus eget risus imperdiet, iaculis diam in, commodo massa.
Vivamus et nunc id nisi bibendum aliquet.
Vivamus ex sapien, sollicitudin in ante sed, ullamcorper accumsan risus.
Vivamus facilisis velit non porttitor viverra.
Vivamus gravida vel enim semper sagittis.
Vivamus id erat at lectus posuere lacinia.
Vivamus id tempus turpis.
Vivamus lobortis est in neque eleifend, lobortis feugiat sem rutrum.
Vivamus luctus sapien vestibulum neque scelerisque, id tincidunt libero fermentum.
Vivamus magna purus, feugiat vel congue ac, ullamcorper id tortor.
Vivamus mollis lorem tincidunt eleifend tristique.
Vivamus rutrum lorem vitae elit mollis posuere.
Vivamus sapien sapien, scelerisque ut ultricies at, suscipit id dolor.
Vivamus sed nisl lacus.
Vivamus sit amet augue nec tortor tincidunt elementum nec id augue.
Vivamus tellus sem, pharetra sed elit ut, mollis bibendum ante.
Vivamus tempus tempus sem, eu rhoncus leo.
Vivamus ut justo viverra enim pharetra pharetra eget sit amet ligula.
Vivamus ut lorem volutpat, tempor metus id, iaculis ligula.
Vivamus ut tortor felis.
Vivamus varius luctus laoreet.
Vivamus vitae feugiat neque, eu hendrerit justo.
Vivamus vitae urna vel ex viverra pretium.
